# JRE version: OpenJDK Runtime Environment (17.0.6) (build 17.0.6+0-b2043.56-10027231)
# Java VM: OpenJDK 64-Bit Server VM (17.0.6+0-b2043.56-10027231, mixed mode, tiered, compressed oops, compressed class ptrs, g1 gc, windows-amd64)
GC Precious Log:
 CPUs: 4 total, 4 available
 Memory: 8083M
 Large Page Support: Disabled
 NUMA Support: Disabled
 Compressed Oops: Enabled (32-bit)
 Heap Region Size: 1M
 Heap Min Capacity: 8M
 Heap Initial Capacity: 128M
 Heap Max Capacity: 2G
 Pre-touch: Disabled
 Parallel Workers: 4
 Concurrent Workers: 1
 Concurrent Refinement Workers: 4
 Periodic GC: Disabled
Heap:
 garbage-first heap   total 222208K, used 134050K [0x0000000080000000, 0x0000000100000000)
  region size 1024K, 4 young (4096K), 4 survivors (4096K)
 Metaspace       used 105959K, committed 106624K, reserved 1146880K
  class space    used 14006K, committed 14336K, reserved 1048576K
GC Heap History (20 events):
Event: 17.045 GC heap after
{Heap after GC invocations=28 (full 0):
 garbage-first heap   total 128000K, used 64520K [0x0000000080000000, 0x0000000100000000)
  region size 1024K, 1 young (1024K), 1 survivors (1024K)
 Metaspace       used 74337K, committed 74944K, reserved 1114112K
  class space    used 9864K, committed 10176K, reserved 1048576K
}
Event: 17.861 GC heap before
{Heap before GC invocations=28 (full 0):
 garbage-first heap   total 128000K, used 100360K [0x0000000080000000, 0x0000000100000000)
  region size 1024K, 36 young (36864K), 1 survivors (1024K)
 Metaspace       used 76828K, committed 77440K, reserved 1122304K
  class space    used 10197K, committed 10496K, reserved 1048576K
}
Event: 17.869 GC heap after
{Heap after GC invocations=29 (full 0):
 garbage-first heap   total 217088K, used 66518K [0x0000000080000000, 0x0000000100000000)
  region size 1024K, 3 young (3072K), 3 survivors (3072K)
 Metaspace       used 76828K, committed 77440K, reserved 1122304K
  class space    used 10197K, committed 10496K, reserved 1048576K
}
Event: 20.688 GC heap before
{Heap before GC invocations=30 (full 0):
 garbage-first heap   total 217088K, used 158678K [0x0000000080000000, 0x0000000100000000)
  region size 1024K, 93 young (95232K), 3 survivors (3072K)
 Metaspace       used 86573K, committed 87168K, reserved 1130496K
  class space    used 11765K, committed 12032K, reserved 1048576K
}
Event: 20.706 GC heap after
{Heap after GC invocations=31 (full 0):
 garbage-first heap   total 217088K, used 72735K [0x0000000080000000, 0x0000000100000000)
  region size 1024K, 9 young (9216K), 9 survivors (9216K)
 Metaspace       used 86573K, committed 87168K, reserved 1130496K
  class space    used 11765K, committed 12032K, reserved 1048576K
}
Event: 20.732 GC heap before
{Heap before GC invocations=31 (full 0):
 garbage-first heap   total 217088K, used 73759K [0x0000000080000000, 0x0000000100000000)
  region size 1024K, 10 young (10240K), 9 survivors (9216K)
 Metaspace       used 86745K, committed 87360K, reserved 1130496K
  class space    used 11793K, committed 12096K, reserved 1048576K
}
Event: 20.748 GC heap after
{Heap after GC invocations=32 (full 0):
 garbage-first heap   total 217088K, used 73234K [0x0000000080000000, 0x0000000100000000)
  region size 1024K, 1 young (1024K), 1 survivors (1024K)
 Metaspace       used 86745K, committed 87360K, reserved 1130496K
  class space    used 11793K, committed 12096K, reserved 1048576K
}
Event: 22.797 GC heap before
{Heap before GC invocations=32 (full 0):
 garbage-first heap   total 217088K, used 168466K [0x0000000080000000, 0x0000000100000000)
  region size 1024K, 94 young (96256K), 1 survivors (1024K)
 Metaspace       used 92866K, committed 93504K, reserved 1130496K
  class space    used 12636K, committed 12928K, reserved 1048576K
}
Event: 22.819 GC heap after
{Heap after GC invocations=33 (full 0):
 garbage-first heap   total 217088K, used 83474K [0x0000000080000000, 0x0000000100000000)
  region size 1024K, 11 young (11264K), 11 survivors (11264K)
 Metaspace       used 92866K, committed 93504K, reserved 1130496K
  class space    used 12636K, committed 12928K, reserved 1048576K
}
Event: 25.750 GC heap before
{Heap before GC invocations=33 (full 0):
 garbage-first heap   total 217088K, used 167442K [0x0000000080000000, 0x0000000100000000)
  region size 1024K, 93 young (95232K), 11 survivors (11264K)
 Metaspace       used 98184K, committed 98944K, reserved 1138688K
  class space    used 13327K, committed 13696K, reserved 1048576K
}
Event: 25.780 GC heap after
{Heap after GC invocations=34 (full 0):
 garbage-first heap   total 217088K, used 90958K [0x0000000080000000, 0x0000000100000000)
  region size 1024K, 8 young (8192K), 8 survivors (8192K)
 Metaspace       used 98184K, committed 98944K, reserved 1138688K
  class space    used 13327K, committed 13696K, reserved 1048576K
}
Event: 31.565 GC heap before
{Heap before GC invocations=34 (full 0):
 garbage-first heap   total 217088K, used 187214K [0x0000000080000000, 0x0000000100000000)
  region size 1024K, 86 young (88064K), 8 survivors (8192K)
 Metaspace       used 99308K, committed 100032K, reserved 1138688K
  class space    used 13390K, committed 13760K, reserved 1048576K
}
Event: 31.618 GC heap after
{Heap after GC invocations=35 (full 0):
 garbage-first heap   total 222208K, used 118191K [0x0000000080000000, 0x0000000100000000)
  region size 1024K, 11 young (11264K), 11 survivors (11264K)
 Metaspace       used 99308K, committed 100032K, reserved 1138688K
  class space    used 13390K, committed 13760K, reserved 1048576K
}
Event: 33.067 GC heap before
{Heap before GC invocations=35 (full 0):
 garbage-first heap   total 222208K, used 187823K [0x0000000080000000, 0x0000000100000000)
  region size 1024K, 63 young (64512K), 11 survivors (11264K)
 Metaspace       used 100895K, committed 101632K, reserved 1138688K
  class space    used 13576K, committed 13888K, reserved 1048576K
}
Event: 33.096 GC heap after
{Heap after GC invocations=36 (full 0):
 garbage-first heap   total 222208K, used 125940K [0x0000000080000000, 0x0000000100000000)
  region size 1024K, 7 young (7168K), 7 survivors (7168K)
 Metaspace       used 100895K, committed 101632K, reserved 1138688K
  class space    used 13576K, committed 13888K, reserved 1048576K
}
Event: 34.289 GC heap before
{Heap before GC invocations=36 (full 0):
 garbage-first heap   total 222208K, used 175092K [0x0000000080000000, 0x0000000100000000)
  region size 1024K, 56 young (57344K), 7 survivors (7168K)
 Metaspace       used 103947K, committed 104640K, reserved 1146880K
  class space    used 13835K, committed 14144K, reserved 1048576K
}
Event: 34.310 GC heap after
{Heap after GC invocations=37 (full 0):
 garbage-first heap   total 222208K, used 131503K [0x0000000080000000, 0x0000000100000000)
  region size 1024K, 6 young (6144K), 6 survivors (6144K)
 Metaspace       used 103947K, committed 104640K, reserved 1146880K
  class space    used 13835K, committed 14144K, reserved 1048576K
}
Event: 34.977 GC heap before
{Heap before GC invocations=37 (full 0):
 garbage-first heap   total 222208K, used 179631K [0x0000000080000000, 0x0000000100000000)
  region size 1024K, 53 young (54272K), 6 survivors (6144K)
 Metaspace       used 104476K, committed 105216K, reserved 1146880K
  class space    used 13874K, committed 14208K, reserved 1048576K
}
Event: 34.989 GC heap after
{Heap after GC invocations=38 (full 0):
 garbage-first heap   total 222208K, used 132563K [0x0000000080000000, 0x0000000100000000)
  region size 1024K, 2 young (2048K), 2 survivors (2048K)
 Metaspace       used 104476K, committed 105216K, reserved 1146880K
  class space    used 13874K, committed 14208K, reserved 1048576K
}
Event: 36.341 GC heap before
{Heap before GC invocations=38 (full 0):
 garbage-first heap   total 222208K, used 180691K [0x0000000080000000, 0x0000000100000000)
  region size 1024K, 50 young (51200K), 2 survivors (2048K)
 Metaspace       used 105959K, committed 106624K, reserved 1146880K
  class space    used 14006K, committed 14336K, reserved 1048576K
}

