# JRE version: OpenJDK Runtime Environment (21.0+35) (build 21+35-2513)
# Java VM: OpenJDK 64-Bit Server VM (21+35-2513, mixed mode, sharing, tiered, compressed oops, compressed class ptrs, g1 gc, windows-amd64)
GC Precious Log:
 CardTable entry size: 512
 Card Set container configuration: InlinePtr #cards 5 size 8 Array Of Cards #cards 12 size 40 Howl #buckets 4 coarsen threshold 1843 Howl Bitmap #cards 512 size 80 coarsen threshold 460 Card regions per heap region 1 cards per card region 2048
 CPUs: 4 total, 4 available
 Memory: 8083M
 Large Page Support: Disabled
 NUMA Support: Disabled
 Compressed Oops: Enabled (32-bit)
 Heap Region Size: 1M
 Heap Min Capacity: 8M
 Heap Initial Capacity: 128M
 Heap Max Capacity: 2G
 Pre-touch: Disabled
 Parallel Workers: 4
 Concurrent Workers: 1
 Concurrent Refinement Workers: 4
 Periodic GC: Disabled
Heap:
 garbage-first heap   total 285696K, used 139251K [0x0000000080000000, 0x0000000100000000)
  region size 1024K, 7 young (7168K), 7 survivors (7168K)
 Metaspace       used 108614K, committed 110592K, reserved 1179648K
  class space    used 13093K, committed 14080K, reserved 1048576K
GC Heap History (20 events):
Event: 49.876 GC heap after
{Heap after GC invocations=49 (full 0):
 garbage-first heap   total 262144K, used 120832K [0x0000000080000000, 0x0000000100000000)
  region size 1024K, 15 young (15360K), 15 survivors (15360K)
 Metaspace       used 82606K, committed 84608K, reserved 1179648K
  class space    used 10698K, committed 11712K, reserved 1048576K
}
Event: 54.848 GC heap before
{Heap before GC invocations=49 (full 0):
 garbage-first heap   total 262144K, used 234496K [0x0000000080000000, 0x0000000100000000)
  region size 1024K, 124 young (126976K), 15 survivors (15360K)
 Metaspace       used 88429K, committed 90496K, reserved 1179648K
  class space    used 11130K, committed 12160K, reserved 1048576K
}
Event: 54.909 GC heap after
{Heap after GC invocations=50 (full 0):
 garbage-first heap   total 262144K, used 133120K [0x0000000080000000, 0x0000000100000000)
  region size 1024K, 11 young (11264K), 11 survivors (11264K)
 Metaspace       used 88429K, committed 90496K, reserved 1179648K
  class space    used 11130K, committed 12160K, reserved 1048576K
}
Event: 57.903 GC heap before
{Heap before GC invocations=50 (full 0):
 garbage-first heap   total 262144K, used 192512K [0x0000000080000000, 0x0000000100000000)
  region size 1024K, 70 young (71680K), 11 survivors (11264K)
 Metaspace       used 95107K, committed 97152K, reserved 1179648K
  class space    used 11836K, committed 12864K, reserved 1048576K
}
Event: 57.935 GC heap after
{Heap after GC invocations=51 (full 0):
 garbage-first heap   total 262144K, used 138240K [0x0000000080000000, 0x0000000100000000)
  region size 1024K, 6 young (6144K), 6 survivors (6144K)
 Metaspace       used 95107K, committed 97152K, reserved 1179648K
  class space    used 11836K, committed 12864K, reserved 1048576K
}
Event: 64.453 GC heap before
{Heap before GC invocations=52 (full 0):
 garbage-first heap   total 262144K, used 241664K [0x0000000080000000, 0x0000000100000000)
  region size 1024K, 102 young (104448K), 6 survivors (6144K)
 Metaspace       used 106781K, committed 108864K, reserved 1179648K
  class space    used 12913K, committed 13952K, reserved 1048576K
}
Event: 64.472 GC heap after
{Heap after GC invocations=53 (full 0):
 garbage-first heap   total 262144K, used 142699K [0x0000000080000000, 0x0000000100000000)
  region size 1024K, 6 young (6144K), 6 survivors (6144K)
 Metaspace       used 106781K, committed 108864K, reserved 1179648K
  class space    used 12913K, committed 13952K, reserved 1048576K
}
Event: 65.363 GC heap before
{Heap before GC invocations=53 (full 0):
 garbage-first heap   total 262144K, used 241003K [0x0000000080000000, 0x0000000100000000)
  region size 1024K, 102 young (104448K), 6 survivors (6144K)
 Metaspace       used 107086K, committed 109120K, reserved 1179648K
  class space    used 12925K, committed 13952K, reserved 1048576K
}
Event: 65.387 GC heap after
{Heap after GC invocations=54 (full 0):
 garbage-first heap   total 262144K, used 140262K [0x0000000080000000, 0x0000000100000000)
  region size 1024K, 7 young (7168K), 7 survivors (7168K)
 Metaspace       used 107086K, committed 109120K, reserved 1179648K
  class space    used 12925K, committed 13952K, reserved 1048576K
}
Event: 66.078 GC heap before
{Heap before GC invocations=54 (full 0):
 garbage-first heap   total 262144K, used 239590K [0x0000000080000000, 0x0000000100000000)
  region size 1024K, 104 young (106496K), 7 survivors (7168K)
 Metaspace       used 107086K, committed 109120K, reserved 1179648K
  class space    used 12925K, committed 13952K, reserved 1048576K
}
Event: 66.096 GC heap after
{Heap after GC invocations=55 (full 0):
 garbage-first heap   total 262144K, used 140038K [0x0000000080000000, 0x0000000100000000)
  region size 1024K, 6 young (6144K), 6 survivors (6144K)
 Metaspace       used 107086K, committed 109120K, reserved 1179648K
  class space    used 12925K, committed 13952K, reserved 1048576K
}
Event: 67.093 GC heap before
{Heap before GC invocations=56 (full 0):
 garbage-first heap   total 262144K, used 241414K [0x0000000080000000, 0x0000000100000000)
  region size 1024K, 105 young (107520K), 6 survivors (6144K)
 Metaspace       used 107088K, committed 109120K, reserved 1179648K
  class space    used 12925K, committed 13952K, reserved 1048576K
}
Event: 67.110 GC heap after
{Heap after GC invocations=57 (full 0):
 garbage-first heap   total 262144K, used 140773K [0x0000000080000000, 0x0000000100000000)
  region size 1024K, 7 young (7168K), 7 survivors (7168K)
 Metaspace       used 107088K, committed 109120K, reserved 1179648K
  class space    used 12925K, committed 13952K, reserved 1048576K
}
Event: 67.786 GC heap before
{Heap before GC invocations=57 (full 0):
 garbage-first heap   total 262144K, used 240101K [0x0000000080000000, 0x0000000100000000)
  region size 1024K, 104 young (106496K), 7 survivors (7168K)
 Metaspace       used 107088K, committed 109120K, reserved 1179648K
  class space    used 12925K, committed 13952K, reserved 1048576K
}
Event: 67.810 GC heap after
{Heap after GC invocations=58 (full 0):
 garbage-first heap   total 262144K, used 138240K [0x0000000080000000, 0x0000000100000000)
  region size 1024K, 7 young (7168K), 7 survivors (7168K)
 Metaspace       used 107088K, committed 109120K, reserved 1179648K
  class space    used 12925K, committed 13952K, reserved 1048576K
}
Event: 68.363 GC heap before
{Heap before GC invocations=58 (full 0):
 garbage-first heap   total 262144K, used 240640K [0x0000000080000000, 0x0000000100000000)
  region size 1024K, 107 young (109568K), 7 survivors (7168K)
 Metaspace       used 107088K, committed 109120K, reserved 1179648K
  class space    used 12925K, committed 13952K, reserved 1048576K
}
Event: 68.380 GC heap after
{Heap after GC invocations=59 (full 0):
 garbage-first heap   total 262144K, used 139050K [0x0000000080000000, 0x0000000100000000)
  region size 1024K, 8 young (8192K), 8 survivors (8192K)
 Metaspace       used 107088K, committed 109120K, reserved 1179648K
  class space    used 12925K, committed 13952K, reserved 1048576K
}
Event: 69.070 GC heap before
{Heap before GC invocations=60 (full 0):
 garbage-first heap   total 285696K, used 238378K [0x0000000080000000, 0x0000000100000000)
  region size 1024K, 105 young (107520K), 8 survivors (8192K)
 Metaspace       used 107088K, committed 109120K, reserved 1179648K
  class space    used 12925K, committed 13952K, reserved 1048576K
}
Event: 69.087 GC heap after
{Heap after GC invocations=61 (full 0):
 garbage-first heap   total 285696K, used 140045K [0x0000000080000000, 0x0000000100000000)
  region size 1024K, 6 young (6144K), 6 survivors (6144K)
 Metaspace       used 107088K, committed 109120K, reserved 1179648K
  class space    used 12925K, committed 13952K, reserved 1048576K
}
Event: 70.919 GC heap before
{Heap before GC invocations=61 (full 0):
 garbage-first heap   total 285696K, used 263949K [0x0000000080000000, 0x0000000100000000)
  region size 1024K, 127 young (130048K), 6 survivors (6144K)
 Metaspace       used 108614K, committed 110592K, reserved 1179648K
  class space    used 13093K, committed 14080K, reserved 1048576K
}

