# JRE version: OpenJDK Runtime Environment (17.0.6) (build 17.0.6+0-b2043.56-10027231)
# Java VM: OpenJDK 64-Bit Server VM (17.0.6+0-b2043.56-10027231, mixed mode, tiered, compressed oops, compressed class ptrs, g1 gc, windows-amd64)
GC Precious Log:
 CPUs: 4 total, 4 available
 Memory: 8083M
 Large Page Support: Disabled
 NUMA Support: Disabled
 Compressed Oops: Enabled (32-bit)
 Heap Region Size: 1M
 Heap Min Capacity: 8M
 Heap Initial Capacity: 128M
 Heap Max Capacity: 2G
 Pre-touch: Disabled
 Parallel Workers: 4
 Concurrent Workers: 1
 Concurrent Refinement Workers: 4
 Periodic GC: Disabled
Heap:
 garbage-first heap   total 233472K, used 171869K [0x0000000080000000, 0x0000000100000000)
  region size 1024K, 37 young (37888K), 5 survivors (5120K)
 Metaspace       used 110909K, committed 111744K, reserved 1146880K
  class space    used 14568K, committed 14976K, reserved 1048576K
GC Heap History (20 events):
Event: 28.412 GC heap before
{Heap before GC invocations=37 (full 0):
 garbage-first heap   total 233472K, used 159783K [0x0000000080000000, 0x0000000100000000)
  region size 1024K, 63 young (64512K), 7 survivors (7168K)
 Metaspace       used 99218K, committed 99904K, reserved 1138688K
  class space    used 13413K, committed 13760K, reserved 1048576K
}
Event: 28.449 GC heap after
{Heap after GC invocations=38 (full 0):
 garbage-first heap   total 233472K, used 117224K [0x0000000080000000, 0x0000000100000000)
  region size 1024K, 13 young (13312K), 13 survivors (13312K)
 Metaspace       used 99218K, committed 99904K, reserved 1138688K
  class space    used 13413K, committed 13760K, reserved 1048576K
}
Event: 30.740 GC heap before
{Heap before GC invocations=39 (full 0):
 garbage-first heap   total 233472K, used 196072K [0x0000000080000000, 0x0000000100000000)
  region size 1024K, 70 young (71680K), 13 survivors (13312K)
 Metaspace       used 99887K, committed 100608K, reserved 1138688K
  class space    used 13480K, committed 13824K, reserved 1048576K
}
Event: 30.773 GC heap after
{Heap after GC invocations=40 (full 0):
 garbage-first heap   total 233472K, used 123392K [0x0000000080000000, 0x0000000100000000)
  region size 1024K, 8 young (8192K), 8 survivors (8192K)
 Metaspace       used 99887K, committed 100608K, reserved 1138688K
  class space    used 13480K, committed 13824K, reserved 1048576K
}
Event: 30.798 GC heap before
{Heap before GC invocations=40 (full 0):
 garbage-first heap   total 233472K, used 126464K [0x0000000080000000, 0x0000000100000000)
  region size 1024K, 11 young (11264K), 8 survivors (8192K)
 Metaspace       used 99901K, committed 100608K, reserved 1138688K
  class space    used 13481K, committed 13824K, reserved 1048576K
}
Event: 30.815 GC heap after
{Heap after GC invocations=41 (full 0):
 garbage-first heap   total 233472K, used 124788K [0x0000000080000000, 0x0000000100000000)
  region size 1024K, 2 young (2048K), 2 survivors (2048K)
 Metaspace       used 99901K, committed 100608K, reserved 1138688K
  class space    used 13481K, committed 13824K, reserved 1048576K
}
Event: 32.257 GC heap before
{Heap before GC invocations=41 (full 0):
 garbage-first heap   total 233472K, used 178036K [0x0000000080000000, 0x0000000100000000)
  region size 1024K, 55 young (56320K), 2 survivors (2048K)
 Metaspace       used 103669K, committed 104384K, reserved 1146880K
  class space    used 13793K, committed 14144K, reserved 1048576K
}
Event: 32.269 GC heap after
{Heap after GC invocations=42 (full 0):
 garbage-first heap   total 233472K, used 129876K [0x0000000080000000, 0x0000000100000000)
  region size 1024K, 7 young (7168K), 7 survivors (7168K)
 Metaspace       used 103669K, committed 104384K, reserved 1146880K
  class space    used 13793K, committed 14144K, reserved 1048576K
}
Event: 32.942 GC heap before
{Heap before GC invocations=42 (full 0):
 garbage-first heap   total 233472K, used 182100K [0x0000000080000000, 0x0000000100000000)
  region size 1024K, 59 young (60416K), 7 survivors (7168K)
 Metaspace       used 104220K, committed 105024K, reserved 1146880K
  class space    used 13837K, committed 14208K, reserved 1048576K
}
Event: 32.949 GC heap after
{Heap after GC invocations=43 (full 0):
 garbage-first heap   total 233472K, used 127663K [0x0000000080000000, 0x0000000100000000)
  region size 1024K, 1 young (1024K), 1 survivors (1024K)
 Metaspace       used 104220K, committed 105024K, reserved 1146880K
  class space    used 13837K, committed 14208K, reserved 1048576K
}
Event: 34.093 GC heap before
{Heap before GC invocations=43 (full 0):
 garbage-first heap   total 233472K, used 186031K [0x0000000080000000, 0x0000000100000000)
  region size 1024K, 59 young (60416K), 1 survivors (1024K)
 Metaspace       used 105108K, committed 105792K, reserved 1146880K
  class space    used 13892K, committed 14208K, reserved 1048576K
}
Event: 34.100 GC heap after
{Heap after GC invocations=44 (full 0):
 garbage-first heap   total 233472K, used 129377K [0x0000000080000000, 0x0000000100000000)
  region size 1024K, 3 young (3072K), 3 survivors (3072K)
 Metaspace       used 105108K, committed 105792K, reserved 1146880K
  class space    used 13892K, committed 14208K, reserved 1048576K
}
Event: 35.632 GC heap before
{Heap before GC invocations=44 (full 0):
 garbage-first heap   total 233472K, used 188769K [0x0000000080000000, 0x0000000100000000)
  region size 1024K, 62 young (63488K), 3 survivors (3072K)
 Metaspace       used 106056K, committed 106752K, reserved 1146880K
  class space    used 14003K, committed 14336K, reserved 1048576K
}
Event: 35.644 GC heap after
{Heap after GC invocations=45 (full 0):
 garbage-first heap   total 233472K, used 134383K [0x0000000080000000, 0x0000000100000000)
  region size 1024K, 8 young (8192K), 8 survivors (8192K)
 Metaspace       used 106056K, committed 106752K, reserved 1146880K
  class space    used 14003K, committed 14336K, reserved 1048576K
}
Event: 48.877 GC heap before
{Heap before GC invocations=45 (full 0):
 garbage-first heap   total 233472K, used 189679K [0x0000000080000000, 0x0000000100000000)
  region size 1024K, 63 young (64512K), 8 survivors (8192K)
 Metaspace       used 107322K, committed 108032K, reserved 1146880K
  class space    used 14148K, committed 14464K, reserved 1048576K
}
Event: 48.894 GC heap after
{Heap after GC invocations=46 (full 0):
 garbage-first heap   total 233472K, used 138081K [0x0000000080000000, 0x0000000100000000)
  region size 1024K, 4 young (4096K), 4 survivors (4096K)
 Metaspace       used 107322K, committed 108032K, reserved 1146880K
  class space    used 14148K, committed 14464K, reserved 1048576K
}
Event: 49.495 GC heap before
{Heap before GC invocations=46 (full 0):
 garbage-first heap   total 233472K, used 155489K [0x0000000080000000, 0x0000000100000000)
  region size 1024K, 17 young (17408K), 4 survivors (4096K)
 Metaspace       used 109159K, committed 109952K, reserved 1146880K
  class space    used 14395K, committed 14784K, reserved 1048576K
}
Event: 49.504 GC heap after
{Heap after GC invocations=47 (full 0):
 garbage-first heap   total 233472K, used 145249K [0x0000000080000000, 0x0000000100000000)
  region size 1024K, 5 young (5120K), 5 survivors (5120K)
 Metaspace       used 109159K, committed 109952K, reserved 1146880K
  class space    used 14395K, committed 14784K, reserved 1048576K
}
Event: 93.496 GC heap before
{Heap before GC invocations=47 (full 0):
 garbage-first heap   total 233472K, used 198497K [0x0000000080000000, 0x0000000100000000)
  region size 1024K, 54 young (55296K), 5 survivors (5120K)
 Metaspace       used 110530K, committed 111360K, reserved 1146880K
  class space    used 14559K, committed 14976K, reserved 1048576K
}
Event: 93.511 GC heap after
{Heap after GC invocations=48 (full 0):
 garbage-first heap   total 233472K, used 140125K [0x0000000080000000, 0x0000000100000000)
  region size 1024K, 5 young (5120K), 5 survivors (5120K)
 Metaspace       used 110530K, committed 111360K, reserved 1146880K
  class space    used 14559K, committed 14976K, reserved 1048576K
}

