# JRE version: OpenJDK Runtime Environment (17.0.6) (build 17.0.6+0-b2043.56-10027231)
# Java VM: OpenJDK 64-Bit Server VM (17.0.6+0-b2043.56-10027231, mixed mode, tiered, compressed oops, compressed class ptrs, g1 gc, windows-amd64)
GC Precious Log:
 CPUs: 4 total, 4 available
 Memory: 8083M
 Large Page Support: Disabled
 NUMA Support: Disabled
 Compressed Oops: Enabled (32-bit)
 Heap Region Size: 1M
 Heap Min Capacity: 8M
 Heap Initial Capacity: 128M
 Heap Max Capacity: 2G
 Pre-touch: Disabled
 Parallel Workers: 4
 Concurrent Workers: 1
 Concurrent Refinement Workers: 4
 Periodic GC: Disabled
Heap:
 garbage-first heap   total 182272K, used 133120K [0x0000000080000000, 0x0000000100000000)
  region size 1024K, 4 young (4096K), 4 survivors (4096K)
 Metaspace       used 104231K, committed 105024K, reserved 1146880K
  class space    used 14008K, committed 14400K, reserved 1048576K
GC Heap History (20 events):
Event: 26.193 GC heap after
{Heap after GC invocations=36 (full 0):
 garbage-first heap   total 182272K, used 74725K [0x0000000080000000, 0x0000000100000000)
  region size 1024K, 9 young (9216K), 9 survivors (9216K)
 Metaspace       used 89978K, committed 90624K, reserved 1130496K
  class space    used 12257K, committed 12544K, reserved 1048576K
}
Event: 29.224 GC heap before
{Heap before GC invocations=36 (full 0):
 garbage-first heap   total 182272K, used 142309K [0x0000000080000000, 0x0000000100000000)
  region size 1024K, 75 young (76800K), 9 survivors (9216K)
 Metaspace       used 92822K, committed 93504K, reserved 1130496K
  class space    used 12627K, committed 12928K, reserved 1048576K
}
Event: 29.254 GC heap after
{Heap after GC invocations=37 (full 0):
 garbage-first heap   total 182272K, used 83552K [0x0000000080000000, 0x0000000100000000)
  region size 1024K, 9 young (9216K), 9 survivors (9216K)
 Metaspace       used 92822K, committed 93504K, reserved 1130496K
  class space    used 12627K, committed 12928K, reserved 1048576K
}
Event: 31.809 GC heap before
{Heap before GC invocations=37 (full 0):
 garbage-first heap   total 182272K, used 141920K [0x0000000080000000, 0x0000000100000000)
  region size 1024K, 67 young (68608K), 9 survivors (9216K)
 Metaspace       used 94615K, committed 95296K, reserved 1138688K
  class space    used 12922K, committed 13248K, reserved 1048576K
}
Event: 31.837 GC heap after
{Heap after GC invocations=38 (full 0):
 garbage-first heap   total 182272K, used 90240K [0x0000000080000000, 0x0000000100000000)
  region size 1024K, 7 young (7168K), 7 survivors (7168K)
 Metaspace       used 94615K, committed 95296K, reserved 1138688K
  class space    used 12922K, committed 13248K, reserved 1048576K
}
Event: 33.036 GC heap before
{Heap before GC invocations=38 (full 0):
 garbage-first heap   total 182272K, used 144512K [0x0000000080000000, 0x0000000100000000)
  region size 1024K, 61 young (62464K), 7 survivors (7168K)
 Metaspace       used 95400K, committed 96000K, reserved 1138688K
  class space    used 12977K, committed 13248K, reserved 1048576K
}
Event: 33.059 GC heap after
{Heap after GC invocations=39 (full 0):
 garbage-first heap   total 182272K, used 94970K [0x0000000080000000, 0x0000000100000000)
  region size 1024K, 5 young (5120K), 5 survivors (5120K)
 Metaspace       used 95400K, committed 96000K, reserved 1138688K
  class space    used 12977K, committed 13248K, reserved 1048576K
}
Event: 34.356 GC heap before
{Heap before GC invocations=40 (full 0):
 garbage-first heap   total 182272K, used 146170K [0x0000000080000000, 0x0000000100000000)
  region size 1024K, 56 young (57344K), 5 survivors (5120K)
 Metaspace       used 95707K, committed 96320K, reserved 1138688K
  class space    used 13002K, committed 13312K, reserved 1048576K
}
Event: 34.371 GC heap after
{Heap after GC invocations=41 (full 0):
 garbage-first heap   total 182272K, used 98088K [0x0000000080000000, 0x0000000100000000)
  region size 1024K, 4 young (4096K), 4 survivors (4096K)
 Metaspace       used 95707K, committed 96320K, reserved 1138688K
  class space    used 13002K, committed 13312K, reserved 1048576K
}
Event: 34.401 GC heap before
{Heap before GC invocations=41 (full 0):
 garbage-first heap   total 182272K, used 101160K [0x0000000080000000, 0x0000000100000000)
  region size 1024K, 8 young (8192K), 4 survivors (4096K)
 Metaspace       used 95707K, committed 96320K, reserved 1138688K
  class space    used 13002K, committed 13312K, reserved 1048576K
}
Event: 34.426 GC heap after
{Heap after GC invocations=42 (full 0):
 garbage-first heap   total 182272K, used 98012K [0x0000000080000000, 0x0000000100000000)
  region size 1024K, 1 young (1024K), 1 survivors (1024K)
 Metaspace       used 95707K, committed 96320K, reserved 1138688K
  class space    used 13002K, committed 13312K, reserved 1048576K
}
Event: 153.571 GC heap before
{Heap before GC invocations=42 (full 0):
 garbage-first heap   total 182272K, used 172764K [0x0000000080000000, 0x0000000100000000)
  region size 1024K, 45 young (46080K), 1 survivors (1024K)
 Metaspace       used 100674K, committed 101376K, reserved 1138688K
  class space    used 13626K, committed 13952K, reserved 1048576K
}
Event: 153.596 GC heap after
{Heap after GC invocations=43 (full 0):
 garbage-first heap   total 182272K, used 100758K [0x0000000080000000, 0x0000000100000000)
  region size 1024K, 4 young (4096K), 4 survivors (4096K)
 Metaspace       used 100674K, committed 101376K, reserved 1138688K
  class space    used 13626K, committed 13952K, reserved 1048576K
}
Event: 184.385 GC heap before
{Heap before GC invocations=44 (full 0):
 garbage-first heap   total 182272K, used 148886K [0x0000000080000000, 0x0000000100000000)
  region size 1024K, 52 young (53248K), 4 survivors (4096K)
 Metaspace       used 101154K, committed 101888K, reserved 1138688K
  class space    used 13649K, committed 14016K, reserved 1048576K
}
Event: 184.405 GC heap after
{Heap after GC invocations=45 (full 0):
 garbage-first heap   total 182272K, used 105666K [0x0000000080000000, 0x0000000100000000)
  region size 1024K, 7 young (7168K), 7 survivors (7168K)
 Metaspace       used 101154K, committed 101888K, reserved 1138688K
  class space    used 13649K, committed 14016K, reserved 1048576K
}
Event: 184.439 GC heap before
{Heap before GC invocations=45 (full 0):
 garbage-first heap   total 182272K, used 106690K [0x0000000080000000, 0x0000000100000000)
  region size 1024K, 8 young (8192K), 7 survivors (7168K)
 Metaspace       used 101168K, committed 101888K, reserved 1138688K
  class space    used 13649K, committed 14016K, reserved 1048576K
}
Event: 184.458 GC heap after
{Heap after GC invocations=46 (full 0):
 garbage-first heap   total 182272K, used 105764K [0x0000000080000000, 0x0000000100000000)
  region size 1024K, 1 young (1024K), 1 survivors (1024K)
 Metaspace       used 101168K, committed 101888K, reserved 1138688K
  class space    used 13649K, committed 14016K, reserved 1048576K
}
Event: 185.971 GC heap before
{Heap before GC invocations=46 (full 0):
 garbage-first heap   total 182272K, used 150820K [0x0000000080000000, 0x0000000100000000)
  region size 1024K, 44 young (45056K), 1 survivors (1024K)
 Metaspace       used 103832K, committed 104576K, reserved 1146880K
  class space    used 13974K, committed 14336K, reserved 1048576K
}
Event: 185.999 GC heap after
{Heap after GC invocations=47 (full 0):
 garbage-first heap   total 182272K, used 123792K [0x0000000080000000, 0x0000000100000000)
  region size 1024K, 6 young (6144K), 6 survivors (6144K)
 Metaspace       used 103832K, committed 104576K, reserved 1146880K
  class space    used 13974K, committed 14336K, reserved 1048576K
}
Event: 186.540 GC heap before
{Heap before GC invocations=47 (full 0):
 garbage-first heap   total 182272K, used 141200K [0x0000000080000000, 0x0000000100000000)
  region size 1024K, 25 young (25600K), 6 survivors (6144K)
 Metaspace       used 104231K, committed 105024K, reserved 1146880K
  class space    used 14008K, committed 14400K, reserved 1048576K
}

