# JRE version: OpenJDK Runtime Environment (17.0.6) (build 17.0.6+0-b2043.56-10027231)
# Java VM: OpenJDK 64-Bit Server VM (17.0.6+0-b2043.56-10027231, mixed mode, tiered, compressed oops, compressed class ptrs, g1 gc, windows-amd64)
GC Precious Log:
 CPUs: 4 total, 4 available
 Memory: 8083M
 Large Page Support: Disabled
 NUMA Support: Disabled
 Compressed Oops: Enabled (32-bit)
 Heap Region Size: 1M
 Heap Min Capacity: 8M
 Heap Initial Capacity: 128M
 Heap Max Capacity: 2G
 Pre-touch: Disabled
 Parallel Workers: 4
 Concurrent Workers: 1
 Concurrent Refinement Workers: 4
 Periodic GC: Disabled
Heap:
 garbage-first heap   total 403456K, used 205619K [0x0000000080000000, 0x0000000100000000)
  region size 1024K, 70 young (71680K), 2 survivors (2048K)
 Metaspace       used 100515K, committed 101184K, reserved 1138688K
  class space    used 13500K, committed 13824K, reserved 1048576K
GC Heap History (20 events):
Event: 28.036 GC heap before
{Heap before GC invocations=30 (full 0):
 garbage-first heap   total 147456K, used 120496K [0x0000000080000000, 0x0000000100000000)
  region size 1024K, 51 young (52224K), 7 survivors (7168K)
 Metaspace       used 92801K, committed 93440K, reserved 1130496K
  class space    used 12623K, committed 12928K, reserved 1048576K
}
Event: 28.056 GC heap after
{Heap after GC invocations=31 (full 0):
 garbage-first heap   total 147456K, used 80597K [0x0000000080000000, 0x0000000100000000)
  region size 1024K, 7 young (7168K), 7 survivors (7168K)
 Metaspace       used 92801K, committed 93440K, reserved 1130496K
  class space    used 12623K, committed 12928K, reserved 1048576K
}
Event: 29.339 GC heap before
{Heap before GC invocations=32 (full 0):
 garbage-first heap   total 147456K, used 119509K [0x0000000080000000, 0x0000000100000000)
  region size 1024K, 46 young (47104K), 7 survivors (7168K)
 Metaspace       used 94187K, committed 94848K, reserved 1138688K
  class space    used 12864K, committed 13184K, reserved 1048576K
}
Event: 29.364 GC heap after
{Heap after GC invocations=33 (full 0):
 garbage-first heap   total 147456K, used 86998K [0x0000000080000000, 0x0000000100000000)
  region size 1024K, 6 young (6144K), 6 survivors (6144K)
 Metaspace       used 94187K, committed 94848K, reserved 1138688K
  class space    used 12864K, committed 13184K, reserved 1048576K
}
Event: 29.410 GC heap before
{Heap before GC invocations=33 (full 0):
 garbage-first heap   total 147456K, used 88022K [0x0000000080000000, 0x0000000100000000)
  region size 1024K, 7 young (7168K), 6 survivors (6144K)
 Metaspace       used 94263K, committed 94912K, reserved 1138688K
  class space    used 12876K, committed 13184K, reserved 1048576K
}
Event: 29.424 GC heap after
{Heap after GC invocations=34 (full 0):
 garbage-first heap   total 147456K, used 87658K [0x0000000080000000, 0x0000000100000000)
  region size 1024K, 1 young (1024K), 1 survivors (1024K)
 Metaspace       used 94263K, committed 94912K, reserved 1138688K
  class space    used 12876K, committed 13184K, reserved 1048576K
}
Event: 30.220 GC heap before
{Heap before GC invocations=34 (full 0):
 garbage-first heap   total 147456K, used 120426K [0x0000000080000000, 0x0000000100000000)
  region size 1024K, 33 young (33792K), 1 survivors (1024K)
 Metaspace       used 94670K, committed 95296K, reserved 1138688K
  class space    used 12927K, committed 13248K, reserved 1048576K
}
Event: 30.228 GC heap after
{Heap after GC invocations=35 (full 0):
 garbage-first heap   total 147456K, used 89255K [0x0000000080000000, 0x0000000100000000)
  region size 1024K, 3 young (3072K), 3 survivors (3072K)
 Metaspace       used 94670K, committed 95296K, reserved 1138688K
  class space    used 12927K, committed 13248K, reserved 1048576K
}
Event: 31.735 GC heap before
{Heap before GC invocations=36 (full 0):
 garbage-first heap   total 167936K, used 120999K [0x0000000080000000, 0x0000000100000000)
  region size 1024K, 34 young (34816K), 3 survivors (3072K)
 Metaspace       used 96718K, committed 97280K, reserved 1138688K
  class space    used 13115K, committed 13376K, reserved 1048576K
}
Event: 31.746 GC heap after
{Heap after GC invocations=37 (full 0):
 garbage-first heap   total 167936K, used 90956K [0x0000000080000000, 0x0000000100000000)
  region size 1024K, 5 young (5120K), 5 survivors (5120K)
 Metaspace       used 96718K, committed 97280K, reserved 1138688K
  class space    used 13115K, committed 13376K, reserved 1048576K
}
Event: 31.844 GC heap before
{Heap before GC invocations=37 (full 0):
 garbage-first heap   total 167936K, used 94028K [0x0000000080000000, 0x0000000100000000)
  region size 1024K, 8 young (8192K), 5 survivors (5120K)
 Metaspace       used 97308K, committed 97920K, reserved 1138688K
  class space    used 13192K, committed 13504K, reserved 1048576K
}
Event: 31.854 GC heap after
{Heap after GC invocations=38 (full 0):
 garbage-first heap   total 167936K, used 90974K [0x0000000080000000, 0x0000000100000000)
  region size 1024K, 1 young (1024K), 1 survivors (1024K)
 Metaspace       used 97308K, committed 97920K, reserved 1138688K
  class space    used 13192K, committed 13504K, reserved 1048576K
}
Event: 33.609 GC heap before
{Heap before GC invocations=38 (full 0):
 garbage-first heap   total 167936K, used 118622K [0x0000000080000000, 0x0000000100000000)
  region size 1024K, 30 young (30720K), 1 survivors (1024K)
 Metaspace       used 98609K, committed 99392K, reserved 1138688K
  class space    used 13319K, committed 13696K, reserved 1048576K
}
Event: 33.621 GC heap after
{Heap after GC invocations=39 (full 0):
 garbage-first heap   total 167936K, used 98475K [0x0000000080000000, 0x0000000100000000)
  region size 1024K, 6 young (6144K), 6 survivors (6144K)
 Metaspace       used 98609K, committed 99392K, reserved 1138688K
  class space    used 13319K, committed 13696K, reserved 1048576K
}
Event: 34.980 GC heap before
{Heap before GC invocations=40 (full 0):
 garbage-first heap   total 201728K, used 141483K [0x0000000080000000, 0x0000000100000000)
  region size 1024K, 39 young (39936K), 6 survivors (6144K)
 Metaspace       used 99213K, committed 99904K, reserved 1138688K
  class space    used 13371K, committed 13696K, reserved 1048576K
}
Event: 35.015 GC heap after
{Heap after GC invocations=41 (full 0):
 garbage-first heap   total 201728K, used 114801K [0x0000000080000000, 0x0000000100000000)
  region size 1024K, 5 young (5120K), 5 survivors (5120K)
 Metaspace       used 99213K, committed 99904K, reserved 1138688K
  class space    used 13371K, committed 13696K, reserved 1048576K
}
Event: 35.228 GC heap before
{Heap before GC invocations=41 (full 0):
 garbage-first heap   total 201728K, used 124017K [0x0000000080000000, 0x0000000100000000)
  region size 1024K, 9 young (9216K), 5 survivors (5120K)
 Metaspace       used 99266K, committed 99968K, reserved 1138688K
  class space    used 13372K, committed 13696K, reserved 1048576K
}
Event: 35.254 GC heap after
{Heap after GC invocations=42 (full 0):
 garbage-first heap   total 403456K, used 118795K [0x0000000080000000, 0x0000000100000000)
  region size 1024K, 2 young (2048K), 2 survivors (2048K)
 Metaspace       used 99266K, committed 99968K, reserved 1138688K
  class space    used 13372K, committed 13696K, reserved 1048576K
}
Event: 35.265 GC heap before
{Heap before GC invocations=42 (full 0):
 garbage-first heap   total 403456K, used 118795K [0x0000000080000000, 0x0000000100000000)
  region size 1024K, 3 young (3072K), 2 survivors (2048K)
 Metaspace       used 99313K, committed 100032K, reserved 1138688K
  class space    used 13380K, committed 13760K, reserved 1048576K
}
Event: 35.273 GC heap after
{Heap after GC invocations=43 (full 0):
 garbage-first heap   total 403456K, used 118579K [0x0000000080000000, 0x0000000100000000)
  region size 1024K, 2 young (2048K), 2 survivors (2048K)
 Metaspace       used 99313K, committed 100032K, reserved 1138688K
  class space    used 13380K, committed 13760K, reserved 1048576K
}

