# JRE version: OpenJDK Runtime Environment (17.0.6) (build 17.0.6+0-b2043.56-10027231)
# Java VM: OpenJDK 64-Bit Server VM (17.0.6+0-b2043.56-10027231, mixed mode, tiered, compressed oops, compressed class ptrs, g1 gc, windows-amd64)
GC Precious Log:
 CPUs: 4 total, 4 available
 Memory: 8083M
 Large Page Support: Disabled
 NUMA Support: Disabled
 Compressed Oops: Enabled (32-bit)
 Heap Region Size: 1M
 Heap Min Capacity: 8M
 Heap Initial Capacity: 128M
 Heap Max Capacity: 2G
 Pre-touch: Disabled
 Parallel Workers: 4
 Concurrent Workers: 1
 Concurrent Refinement Workers: 4
 Periodic GC: Disabled
Heap:
 garbage-first heap   total 448512K, used 318538K [0x0000000080000000, 0x0000000100000000)
  region size 1024K, 79 young (80896K), 10 survivors (10240K)
 Metaspace       used 126967K, committed 127808K, reserved 1163264K
  class space    used 16796K, committed 17216K, reserved 1048576K
GC Heap History (20 events):
Event: 118.019 GC heap before
{Heap before GC invocations=128 (full 0):
 garbage-first heap   total 359424K, used 315804K [0x0000000080000000, 0x0000000100000000)
  region size 1024K, 108 young (110592K), 5 survivors (5120K)
 Metaspace       used 126598K, committed 127360K, reserved 1163264K
  class space    used 16763K, committed 17152K, reserved 1048576K
}
Event: 118.036 GC heap after
{Heap after GC invocations=129 (full 0):
 garbage-first heap   total 359424K, used 210897K [0x0000000080000000, 0x0000000100000000)
  region size 1024K, 5 young (5120K), 5 survivors (5120K)
 Metaspace       used 126598K, committed 127360K, reserved 1163264K
  class space    used 16763K, committed 17152K, reserved 1048576K
}
Event: 119.274 GC heap before
{Heap before GC invocations=129 (full 0):
 garbage-first heap   total 359424K, used 316369K [0x0000000080000000, 0x0000000100000000)
  region size 1024K, 108 young (110592K), 5 survivors (5120K)
 Metaspace       used 126603K, committed 127360K, reserved 1163264K
  class space    used 16763K, committed 17152K, reserved 1048576K
}
Event: 119.292 GC heap after
{Heap after GC invocations=130 (full 0):
 garbage-first heap   total 359424K, used 211296K [0x0000000080000000, 0x0000000100000000)
  region size 1024K, 5 young (5120K), 5 survivors (5120K)
 Metaspace       used 126603K, committed 127360K, reserved 1163264K
  class space    used 16763K, committed 17152K, reserved 1048576K
}
Event: 120.805 GC heap before
{Heap before GC invocations=130 (full 0):
 garbage-first heap   total 359424K, used 316768K [0x0000000080000000, 0x0000000100000000)
  region size 1024K, 108 young (110592K), 5 survivors (5120K)
 Metaspace       used 126734K, committed 127488K, reserved 1163264K
  class space    used 16773K, committed 17152K, reserved 1048576K
}
Event: 120.826 GC heap after
{Heap after GC invocations=131 (full 0):
 garbage-first heap   total 359424K, used 213110K [0x0000000080000000, 0x0000000100000000)
  region size 1024K, 7 young (7168K), 7 survivors (7168K)
 Metaspace       used 126734K, committed 127488K, reserved 1163264K
  class space    used 16773K, committed 17152K, reserved 1048576K
}
Event: 122.708 GC heap before
{Heap before GC invocations=131 (full 0):
 garbage-first heap   total 359424K, used 316534K [0x0000000080000000, 0x0000000100000000)
  region size 1024K, 106 young (108544K), 7 survivors (7168K)
 Metaspace       used 126813K, committed 127552K, reserved 1163264K
  class space    used 16773K, committed 17152K, reserved 1048576K
}
Event: 122.726 GC heap after
{Heap after GC invocations=132 (full 0):
 garbage-first heap   total 359424K, used 211643K [0x0000000080000000, 0x0000000100000000)
  region size 1024K, 5 young (5120K), 5 survivors (5120K)
 Metaspace       used 126813K, committed 127552K, reserved 1163264K
  class space    used 16773K, committed 17152K, reserved 1048576K
}
Event: 124.157 GC heap before
{Heap before GC invocations=132 (full 0):
 garbage-first heap   total 359424K, used 318139K [0x0000000080000000, 0x0000000100000000)
  region size 1024K, 108 young (110592K), 5 survivors (5120K)
 Metaspace       used 126835K, committed 127616K, reserved 1163264K
  class space    used 16774K, committed 17152K, reserved 1048576K
}
Event: 124.181 GC heap after
{Heap after GC invocations=133 (full 0):
 garbage-first heap   total 359424K, used 221462K [0x0000000080000000, 0x0000000100000000)
  region size 1024K, 14 young (14336K), 14 survivors (14336K)
 Metaspace       used 126835K, committed 127616K, reserved 1163264K
  class space    used 16774K, committed 17152K, reserved 1048576K
}
Event: 125.061 GC heap before
{Heap before GC invocations=133 (full 0):
 garbage-first heap   total 359424K, used 306454K [0x0000000080000000, 0x0000000100000000)
  region size 1024K, 97 young (99328K), 14 survivors (14336K)
 Metaspace       used 126841K, committed 127616K, reserved 1163264K
  class space    used 16774K, committed 17152K, reserved 1048576K
}
Event: 125.103 GC heap after
{Heap after GC invocations=134 (full 0):
 garbage-first heap   total 359424K, used 227542K [0x0000000080000000, 0x0000000100000000)
  region size 1024K, 10 young (10240K), 10 survivors (10240K)
 Metaspace       used 126841K, committed 127616K, reserved 1163264K
  class space    used 16774K, committed 17152K, reserved 1048576K
}
Event: 125.859 GC heap before
{Heap before GC invocations=134 (full 0):
 garbage-first heap   total 359424K, used 305366K [0x0000000080000000, 0x0000000100000000)
  region size 1024K, 86 young (88064K), 10 survivors (10240K)
 Metaspace       used 126867K, committed 127616K, reserved 1163264K
  class space    used 16778K, committed 17152K, reserved 1048576K
}
Event: 125.898 GC heap after
{Heap after GC invocations=135 (full 0):
 garbage-first heap   total 359424K, used 232362K [0x0000000080000000, 0x0000000100000000)
  region size 1024K, 6 young (6144K), 6 survivors (6144K)
 Metaspace       used 126867K, committed 127616K, reserved 1163264K
  class space    used 16778K, committed 17152K, reserved 1048576K
}
Event: 126.660 GC heap before
{Heap before GC invocations=135 (full 0):
 garbage-first heap   total 359424K, used 306090K [0x0000000080000000, 0x0000000100000000)
  region size 1024K, 78 young (79872K), 6 survivors (6144K)
 Metaspace       used 126884K, committed 127616K, reserved 1163264K
  class space    used 16782K, committed 17152K, reserved 1048576K
}
Event: 126.690 GC heap after
{Heap after GC invocations=136 (full 0):
 garbage-first heap   total 359424K, used 237921K [0x0000000080000000, 0x0000000100000000)
  region size 1024K, 6 young (6144K), 6 survivors (6144K)
 Metaspace       used 126884K, committed 127616K, reserved 1163264K
  class space    used 16782K, committed 17152K, reserved 1048576K
}
Event: 127.585 GC heap before
{Heap before GC invocations=136 (full 0):
 garbage-first heap   total 359424K, used 306529K [0x0000000080000000, 0x0000000100000000)
  region size 1024K, 73 young (74752K), 6 survivors (6144K)
 Metaspace       used 126908K, committed 127616K, reserved 1163264K
  class space    used 16785K, committed 17152K, reserved 1048576K
}
Event: 127.634 GC heap after
{Heap after GC invocations=137 (full 0):
 garbage-first heap   total 359424K, used 242393K [0x0000000080000000, 0x0000000100000000)
  region size 1024K, 10 young (10240K), 10 survivors (10240K)
 Metaspace       used 126908K, committed 127616K, reserved 1163264K
  class space    used 16785K, committed 17152K, reserved 1048576K
}
Event: 128.367 GC heap before
{Heap before GC invocations=137 (full 0):
 garbage-first heap   total 359424K, used 307929K [0x0000000080000000, 0x0000000100000000)
  region size 1024K, 74 young (75776K), 10 survivors (10240K)
 Metaspace       used 126956K, committed 127808K, reserved 1163264K
  class space    used 16794K, committed 17216K, reserved 1048576K
}
Event: 128.407 GC heap after
{Heap after GC invocations=138 (full 0):
 garbage-first heap   total 448512K, used 249930K [0x0000000080000000, 0x0000000100000000)
  region size 1024K, 10 young (10240K), 10 survivors (10240K)
 Metaspace       used 126956K, committed 127808K, reserved 1163264K
  class space    used 16794K, committed 17216K, reserved 1048576K
}

