# JRE version: OpenJDK Runtime Environment (17.0.6) (build 17.0.6+0-b2043.56-10027231)
# Java VM: OpenJDK 64-Bit Server VM (17.0.6+0-b2043.56-10027231, mixed mode, tiered, compressed oops, compressed class ptrs, g1 gc, windows-amd64)
GC Precious Log:
 CPUs: 4 total, 4 available
 Memory: 8083M
 Large Page Support: Disabled
 NUMA Support: Disabled
 Compressed Oops: Enabled (32-bit)
 Heap Region Size: 1M
 Heap Min Capacity: 8M
 Heap Initial Capacity: 128M
 Heap Max Capacity: 2G
 Pre-touch: Disabled
 Parallel Workers: 4
 Concurrent Workers: 1
 Concurrent Refinement Workers: 4
 Periodic GC: Disabled
Heap:
 garbage-first heap   total 271360K, used 129665K [0x0000000080000000, 0x0000000100000000)
  region size 1024K, 6 young (6144K), 6 survivors (6144K)
 Metaspace       used 131723K, committed 132736K, reserved 1163264K
  class space    used 17882K, committed 18368K, reserved 1048576K
GC Heap History (20 events):
Event: 444.768 GC heap after
{Heap after GC invocations=66 (full 0):
 garbage-first heap   total 191488K, used 112087K [0x0000000080000000, 0x0000000100000000)
  region size 1024K, 2 young (2048K), 2 survivors (2048K)
 Metaspace       used 124179K, committed 125120K, reserved 1163264K
  class space    used 17137K, committed 17600K, reserved 1048576K
}
Event: 446.902 GC heap before
{Heap before GC invocations=66 (full 0):
 garbage-first heap   total 191488K, used 155095K [0x0000000080000000, 0x0000000100000000)
  region size 1024K, 45 young (46080K), 2 survivors (2048K)
 Metaspace       used 124933K, committed 125760K, reserved 1163264K
  class space    used 17184K, committed 17600K, reserved 1048576K
}
Event: 446.917 GC heap after
{Heap after GC invocations=67 (full 0):
 garbage-first heap   total 191488K, used 117760K [0x0000000080000000, 0x0000000100000000)
  region size 1024K, 6 young (6144K), 6 survivors (6144K)
 Metaspace       used 124933K, committed 125760K, reserved 1163264K
  class space    used 17184K, committed 17600K, reserved 1048576K
}
Event: 448.637 GC heap before
{Heap before GC invocations=68 (full 0):
 garbage-first heap   total 208896K, used 158720K [0x0000000080000000, 0x0000000100000000)
  region size 1024K, 45 young (46080K), 6 survivors (6144K)
 Metaspace       used 127536K, committed 128384K, reserved 1163264K
  class space    used 17501K, committed 17920K, reserved 1048576K
}
Event: 448.675 GC heap after
{Heap after GC invocations=69 (full 0):
 garbage-first heap   total 208896K, used 134144K [0x0000000080000000, 0x0000000100000000)
  region size 1024K, 6 young (6144K), 6 survivors (6144K)
 Metaspace       used 127536K, committed 128384K, reserved 1163264K
  class space    used 17501K, committed 17920K, reserved 1048576K
}
Event: 448.743 GC heap before
{Heap before GC invocations=69 (full 0):
 garbage-first heap   total 208896K, used 138240K [0x0000000080000000, 0x0000000100000000)
  region size 1024K, 10 young (10240K), 6 survivors (6144K)
 Metaspace       used 127542K, committed 128384K, reserved 1163264K
  class space    used 17501K, committed 17920K, reserved 1048576K
}
Event: 448.769 GC heap after
{Heap after GC invocations=70 (full 0):
 garbage-first heap   total 208896K, used 137216K [0x0000000080000000, 0x0000000100000000)
  region size 1024K, 2 young (2048K), 2 survivors (2048K)
 Metaspace       used 127542K, committed 128384K, reserved 1163264K
  class space    used 17501K, committed 17920K, reserved 1048576K
}
Event: 448.817 GC heap before
{Heap before GC invocations=70 (full 0):
 garbage-first heap   total 208896K, used 139264K [0x0000000080000000, 0x0000000100000000)
  region size 1024K, 5 young (5120K), 2 survivors (2048K)
 Metaspace       used 127560K, committed 128448K, reserved 1163264K
  class space    used 17502K, committed 17920K, reserved 1048576K
}
Event: 448.832 GC heap after
{Heap after GC invocations=71 (full 0):
 garbage-first heap   total 208896K, used 141304K [0x0000000080000000, 0x0000000100000000)
  region size 1024K, 4 young (4096K), 4 survivors (4096K)
 Metaspace       used 127560K, committed 128448K, reserved 1163264K
  class space    used 17502K, committed 17920K, reserved 1048576K
}
Event: 450.591 GC heap before
{Heap before GC invocations=72 (full 0):
 garbage-first heap   total 271360K, used 176120K [0x0000000080000000, 0x0000000100000000)
  region size 1024K, 22 young (22528K), 4 survivors (4096K)
 Metaspace       used 129487K, committed 130304K, reserved 1163264K
  class space    used 17680K, committed 18048K, reserved 1048576K
}
Event: 450.609 GC heap after
{Heap after GC invocations=73 (full 0):
 garbage-first heap   total 271360K, used 142842K [0x0000000080000000, 0x0000000100000000)
  region size 1024K, 2 young (2048K), 2 survivors (2048K)
 Metaspace       used 129487K, committed 130304K, reserved 1163264K
  class space    used 17680K, committed 18048K, reserved 1048576K
}
Event: 451.425 GC heap before
{Heap before GC invocations=73 (full 0):
 garbage-first heap   total 271360K, used 153082K [0x0000000080000000, 0x0000000100000000)
  region size 1024K, 13 young (13312K), 2 survivors (2048K)
 Metaspace       used 130248K, committed 131072K, reserved 1163264K
  class space    used 17763K, committed 18176K, reserved 1048576K
}
Event: 451.435 GC heap after
{Heap after GC invocations=74 (full 0):
 garbage-first heap   total 271360K, used 140202K [0x0000000080000000, 0x0000000100000000)
  region size 1024K, 1 young (1024K), 1 survivors (1024K)
 Metaspace       used 130248K, committed 131072K, reserved 1163264K
  class space    used 17763K, committed 18176K, reserved 1048576K
}
Event: 473.406 GC heap before
{Heap before GC invocations=74 (full 0):
 garbage-first heap   total 271360K, used 186282K [0x0000000080000000, 0x0000000100000000)
  region size 1024K, 48 young (49152K), 1 survivors (1024K)
 Metaspace       used 130850K, committed 131776K, reserved 1163264K
  class space    used 17828K, committed 18304K, reserved 1048576K
}
Event: 473.420 GC heap after
{Heap after GC invocations=75 (full 0):
 garbage-first heap   total 271360K, used 143410K [0x0000000080000000, 0x0000000100000000)
  region size 1024K, 5 young (5120K), 5 survivors (5120K)
 Metaspace       used 130850K, committed 131776K, reserved 1163264K
  class space    used 17828K, committed 18304K, reserved 1048576K
}
Event: 561.136 GC heap before
{Heap before GC invocations=76 (full 0):
 garbage-first heap   total 271360K, used 193586K [0x0000000080000000, 0x0000000100000000)
  region size 1024K, 56 young (57344K), 5 survivors (5120K)
 Metaspace       used 131199K, committed 132096K, reserved 1163264K
  class space    used 17859K, committed 18304K, reserved 1048576K
}
Event: 561.151 GC heap after
{Heap after GC invocations=77 (full 0):
 garbage-first heap   total 271360K, used 131635K [0x0000000080000000, 0x0000000100000000)
  region size 1024K, 5 young (5120K), 5 survivors (5120K)
 Metaspace       used 131199K, committed 132096K, reserved 1163264K
  class space    used 17859K, committed 18304K, reserved 1048576K
}
Event: 561.368 GC heap before
{Heap before GC invocations=77 (full 0):
 garbage-first heap   total 271360K, used 139827K [0x0000000080000000, 0x0000000100000000)
  region size 1024K, 13 young (13312K), 5 survivors (5120K)
 Metaspace       used 131287K, committed 132224K, reserved 1163264K
  class space    used 17860K, committed 18304K, reserved 1048576K
}
Event: 561.388 GC heap after
{Heap after GC invocations=78 (full 0):
 garbage-first heap   total 271360K, used 126078K [0x0000000080000000, 0x0000000100000000)
  region size 1024K, 2 young (2048K), 2 survivors (2048K)
 Metaspace       used 131287K, committed 132224K, reserved 1163264K
  class space    used 17860K, committed 18304K, reserved 1048576K
}
Event: 568.200 GC heap before
{Heap before GC invocations=78 (full 0):
 garbage-first heap   total 271360K, used 164990K [0x0000000080000000, 0x0000000100000000)
  region size 1024K, 42 young (43008K), 2 survivors (2048K)
 Metaspace       used 131723K, committed 132736K, reserved 1163264K
  class space    used 17882K, committed 18368K, reserved 1048576K
}

