# JRE version: OpenJDK Runtime Environment (17.0.6) (build 17.0.6+0-b2043.56-10027231)
# Java VM: OpenJDK 64-Bit Server VM (17.0.6+0-b2043.56-10027231, mixed mode, tiered, compressed oops, compressed class ptrs, g1 gc, windows-amd64)
GC Precious Log:
 CPUs: 4 total, 4 available
 Memory: 8083M
 Large Page Support: Disabled
 NUMA Support: Disabled
 Compressed Oops: Enabled (32-bit)
 Heap Region Size: 1M
 Heap Min Capacity: 8M
 Heap Initial Capacity: 128M
 Heap Max Capacity: 2G
 Pre-touch: Disabled
 Parallel Workers: 4
 Concurrent Workers: 1
 Concurrent Refinement Workers: 4
 Periodic GC: Disabled
Heap:
 garbage-first heap   total 404480K, used 213098K [0x0000000080000000, 0x0000000100000000)
  region size 1024K, 97 young (99328K), 8 survivors (8192K)
 Metaspace       used 94075K, committed 94720K, reserved 1138688K
  class space    used 12064K, committed 12352K, reserved 1048576K
GC Heap History (20 events):
Event: 80.153 GC heap before
{Heap before GC invocations=91 (full 0):
 garbage-first heap   total 404480K, used 332466K [0x0000000080000000, 0x0000000100000000)
  region size 1024K, 237 young (242688K), 9 survivors (9216K)
 Metaspace       used 58022K, committed 58560K, reserved 1105920K
  class space    used 7497K, committed 7744K, reserved 1048576K
}
Event: 80.162 GC heap after
{Heap after GC invocations=92 (full 0):
 garbage-first heap   total 404480K, used 99480K [0x0000000080000000, 0x0000000100000000)
  region size 1024K, 8 young (8192K), 8 survivors (8192K)
 Metaspace       used 58022K, committed 58560K, reserved 1105920K
  class space    used 7497K, committed 7744K, reserved 1048576K
}
Event: 80.760 GC heap before
{Heap before GC invocations=92 (full 0):
 garbage-first heap   total 404480K, used 333976K [0x0000000080000000, 0x0000000100000000)
  region size 1024K, 237 young (242688K), 8 survivors (8192K)
 Metaspace       used 58027K, committed 58560K, reserved 1105920K
  class space    used 7497K, committed 7744K, reserved 1048576K
}
Event: 80.770 GC heap after
{Heap after GC invocations=93 (full 0):
 garbage-first heap   total 404480K, used 100607K [0x0000000080000000, 0x0000000100000000)
  region size 1024K, 9 young (9216K), 9 survivors (9216K)
 Metaspace       used 58027K, committed 58560K, reserved 1105920K
  class space    used 7497K, committed 7744K, reserved 1048576K
}
Event: 81.661 GC heap before
{Heap before GC invocations=93 (full 0):
 garbage-first heap   total 404480K, used 334079K [0x0000000080000000, 0x0000000100000000)
  region size 1024K, 237 young (242688K), 9 survivors (9216K)
 Metaspace       used 59543K, committed 60160K, reserved 1105920K
  class space    used 7662K, committed 7936K, reserved 1048576K
}
Event: 81.671 GC heap after
{Heap after GC invocations=94 (full 0):
 garbage-first heap   total 404480K, used 102418K [0x0000000080000000, 0x0000000100000000)
  region size 1024K, 10 young (10240K), 10 survivors (10240K)
 Metaspace       used 59543K, committed 60160K, reserved 1105920K
  class space    used 7662K, committed 7936K, reserved 1048576K
}
Event: 82.338 GC heap before
{Heap before GC invocations=94 (full 0):
 garbage-first heap   total 404480K, used 334866K [0x0000000080000000, 0x0000000100000000)
  region size 1024K, 237 young (242688K), 10 survivors (10240K)
 Metaspace       used 59543K, committed 60160K, reserved 1105920K
  class space    used 7662K, committed 7936K, reserved 1048576K
}
Event: 82.349 GC heap after
{Heap after GC invocations=95 (full 0):
 garbage-first heap   total 404480K, used 102924K [0x0000000080000000, 0x0000000100000000)
  region size 1024K, 10 young (10240K), 10 survivors (10240K)
 Metaspace       used 59543K, committed 60160K, reserved 1105920K
  class space    used 7662K, committed 7936K, reserved 1048576K
}
Event: 83.043 GC heap before
{Heap before GC invocations=95 (full 0):
 garbage-first heap   total 404480K, used 335372K [0x0000000080000000, 0x0000000100000000)
  region size 1024K, 237 young (242688K), 10 survivors (10240K)
 Metaspace       used 59544K, committed 60160K, reserved 1105920K
  class space    used 7662K, committed 7936K, reserved 1048576K
}
Event: 83.055 GC heap after
{Heap after GC invocations=96 (full 0):
 garbage-first heap   total 404480K, used 103481K [0x0000000080000000, 0x0000000100000000)
  region size 1024K, 10 young (10240K), 10 survivors (10240K)
 Metaspace       used 59544K, committed 60160K, reserved 1105920K
  class space    used 7662K, committed 7936K, reserved 1048576K
}
Event: 83.640 GC heap before
{Heap before GC invocations=96 (full 0):
 garbage-first heap   total 404480K, used 335929K [0x0000000080000000, 0x0000000100000000)
  region size 1024K, 237 young (242688K), 10 survivors (10240K)
 Metaspace       used 59544K, committed 60160K, reserved 1105920K
  class space    used 7662K, committed 7936K, reserved 1048576K
}
Event: 83.651 GC heap after
{Heap after GC invocations=97 (full 0):
 garbage-first heap   total 404480K, used 103668K [0x0000000080000000, 0x0000000100000000)
  region size 1024K, 10 young (10240K), 10 survivors (10240K)
 Metaspace       used 59544K, committed 60160K, reserved 1105920K
  class space    used 7662K, committed 7936K, reserved 1048576K
}
Event: 84.196 GC heap before
{Heap before GC invocations=97 (full 0):
 garbage-first heap   total 404480K, used 336116K [0x0000000080000000, 0x0000000100000000)
  region size 1024K, 237 young (242688K), 10 survivors (10240K)
 Metaspace       used 59544K, committed 60160K, reserved 1105920K
  class space    used 7662K, committed 7936K, reserved 1048576K
}
Event: 84.206 GC heap after
{Heap after GC invocations=98 (full 0):
 garbage-first heap   total 404480K, used 103934K [0x0000000080000000, 0x0000000100000000)
  region size 1024K, 10 young (10240K), 10 survivors (10240K)
 Metaspace       used 59544K, committed 60160K, reserved 1105920K
  class space    used 7662K, committed 7936K, reserved 1048576K
}
Event: 84.761 GC heap before
{Heap before GC invocations=98 (full 0):
 garbage-first heap   total 404480K, used 336382K [0x0000000080000000, 0x0000000100000000)
  region size 1024K, 237 young (242688K), 10 survivors (10240K)
 Metaspace       used 59544K, committed 60160K, reserved 1105920K
  class space    used 7662K, committed 7936K, reserved 1048576K
}
Event: 84.772 GC heap after
{Heap after GC invocations=99 (full 0):
 garbage-first heap   total 404480K, used 104462K [0x0000000080000000, 0x0000000100000000)
  region size 1024K, 10 young (10240K), 10 survivors (10240K)
 Metaspace       used 59544K, committed 60160K, reserved 1105920K
  class space    used 7662K, committed 7936K, reserved 1048576K
}
Event: 91.638 GC heap before
{Heap before GC invocations=99 (full 0):
 garbage-first heap   total 404480K, used 341006K [0x0000000080000000, 0x0000000100000000)
  region size 1024K, 237 young (242688K), 10 survivors (10240K)
 Metaspace       used 76078K, committed 76672K, reserved 1122304K
  class space    used 10111K, committed 10368K, reserved 1048576K
}
Event: 91.670 GC heap after
{Heap after GC invocations=100 (full 0):
 garbage-first heap   total 404480K, used 120348K [0x0000000080000000, 0x0000000100000000)
  region size 1024K, 21 young (21504K), 21 survivors (21504K)
 Metaspace       used 76078K, committed 76672K, reserved 1122304K
  class space    used 10111K, committed 10368K, reserved 1048576K
}
Event: 95.938 GC heap before
{Heap before GC invocations=100 (full 0):
 garbage-first heap   total 404480K, used 204316K [0x0000000080000000, 0x0000000100000000)
  region size 1024K, 104 young (106496K), 21 survivors (21504K)
 Metaspace       used 87543K, committed 88128K, reserved 1130496K
  class space    used 11330K, committed 11584K, reserved 1048576K
}
Event: 95.978 GC heap after
{Heap after GC invocations=101 (full 0):
 garbage-first heap   total 404480K, used 127082K [0x0000000080000000, 0x0000000100000000)
  region size 1024K, 8 young (8192K), 8 survivors (8192K)
 Metaspace       used 87543K, committed 88128K, reserved 1130496K
  class space    used 11330K, committed 11584K, reserved 1048576K
}

