# JRE version: OpenJDK Runtime Environment (17.0.6) (build 17.0.6+0-b2043.56-10027231)
# Java VM: OpenJDK 64-Bit Server VM (17.0.6+0-b2043.56-10027231, mixed mode, tiered, compressed oops, compressed class ptrs, g1 gc, windows-amd64)
GC Precious Log:
 CPUs: 4 total, 4 available
 Memory: 8083M
 Large Page Support: Disabled
 NUMA Support: Disabled
 Compressed Oops: Enabled (32-bit)
 Heap Region Size: 1M
 Heap Min Capacity: 8M
 Heap Initial Capacity: 128M
 Heap Max Capacity: 2G
 Pre-touch: Disabled
 Parallel Workers: 4
 Concurrent Workers: 1
 Concurrent Refinement Workers: 4
 Periodic GC: Disabled
Heap:
 garbage-first heap   total 424960K, used 288409K [0x0000000080000000, 0x0000000100000000)
  region size 1024K, 17 young (17408K), 8 survivors (8192K)
 Metaspace       used 182449K, committed 183616K, reserved 1212416K
  class space    used 23473K, committed 24064K, reserved 1048576K
GC Heap History (20 events):
Event: 111.090 GC heap before
{Heap before GC invocations=84 (full 0):
 garbage-first heap   total 362496K, used 279962K [0x0000000080000000, 0x0000000100000000)
  region size 1024K, 67 young (68608K), 4 survivors (4096K)
 Metaspace       used 148352K, committed 149248K, reserved 1179648K
  class space    used 19340K, committed 19776K, reserved 1048576K
}
Event: 111.100 GC heap after
{Heap after GC invocations=85 (full 0):
 garbage-first heap   total 362496K, used 219714K [0x0000000080000000, 0x0000000100000000)
  region size 1024K, 8 young (8192K), 8 survivors (8192K)
 Metaspace       used 148352K, committed 149248K, reserved 1179648K
  class space    used 19340K, committed 19776K, reserved 1048576K
}
Event: 114.199 GC heap before
{Heap before GC invocations=86 (full 0):
 garbage-first heap   total 424960K, used 303682K [0x0000000080000000, 0x0000000100000000)
  region size 1024K, 74 young (75776K), 8 survivors (8192K)
 Metaspace       used 155651K, committed 156480K, reserved 1187840K
  class space    used 20271K, committed 20672K, reserved 1048576K
}
Event: 114.225 GC heap after
{Heap after GC invocations=87 (full 0):
 garbage-first heap   total 424960K, used 228271K [0x0000000080000000, 0x0000000100000000)
  region size 1024K, 10 young (10240K), 10 survivors (10240K)
 Metaspace       used 155651K, committed 156480K, reserved 1187840K
  class space    used 20271K, committed 20672K, reserved 1048576K
}
Event: 114.714 GC heap before
{Heap before GC invocations=87 (full 0):
 garbage-first heap   total 424960K, used 238511K [0x0000000080000000, 0x0000000100000000)
  region size 1024K, 20 young (20480K), 10 survivors (10240K)
 Metaspace       used 156635K, committed 157568K, reserved 1187840K
  class space    used 20423K, committed 20864K, reserved 1048576K
}
Event: 114.734 GC heap after
{Heap after GC invocations=88 (full 0):
 garbage-first heap   total 424960K, used 227781K [0x0000000080000000, 0x0000000100000000)
  region size 1024K, 2 young (2048K), 2 survivors (2048K)
 Metaspace       used 156635K, committed 157568K, reserved 1187840K
  class space    used 20423K, committed 20864K, reserved 1048576K
}
Event: 122.133 GC heap before
{Heap before GC invocations=88 (full 0):
 garbage-first heap   total 424960K, used 326085K [0x0000000080000000, 0x0000000100000000)
  region size 1024K, 98 young (100352K), 2 survivors (2048K)
 Metaspace       used 167109K, committed 168000K, reserved 1196032K
  class space    used 21624K, committed 22016K, reserved 1048576K
}
Event: 122.152 GC heap after
{Heap after GC invocations=89 (full 0):
 garbage-first heap   total 424960K, used 234313K [0x0000000080000000, 0x0000000100000000)
  region size 1024K, 8 young (8192K), 8 survivors (8192K)
 Metaspace       used 167109K, committed 168000K, reserved 1196032K
  class space    used 21624K, committed 22016K, reserved 1048576K
}
Event: 126.897 GC heap before
{Heap before GC invocations=89 (full 0):
 garbage-first heap   total 424960K, used 338761K [0x0000000080000000, 0x0000000100000000)
  region size 1024K, 111 young (113664K), 8 survivors (8192K)
 Metaspace       used 170452K, committed 171392K, reserved 1204224K
  class space    used 21997K, committed 22464K, reserved 1048576K
}
Event: 126.925 GC heap after
{Heap after GC invocations=90 (full 0):
 garbage-first heap   total 424960K, used 240406K [0x0000000080000000, 0x0000000100000000)
  region size 1024K, 13 young (13312K), 13 survivors (13312K)
 Metaspace       used 170452K, committed 171392K, reserved 1204224K
  class space    used 21997K, committed 22464K, reserved 1048576K
}
Event: 450.960 GC heap before
{Heap before GC invocations=90 (full 0):
 garbage-first heap   total 424960K, used 346902K [0x0000000080000000, 0x0000000100000000)
  region size 1024K, 118 young (120832K), 13 survivors (13312K)
 Metaspace       used 175639K, committed 176640K, reserved 1204224K
  class space    used 22650K, committed 23104K, reserved 1048576K
}
Event: 451.002 GC heap after
{Heap after GC invocations=91 (full 0):
 garbage-first heap   total 424960K, used 246843K [0x0000000080000000, 0x0000000100000000)
  region size 1024K, 13 young (13312K), 13 survivors (13312K)
 Metaspace       used 175639K, committed 176640K, reserved 1204224K
  class space    used 22650K, committed 23104K, reserved 1048576K
}
Event: 1765.522 GC heap before
{Heap before GC invocations=92 (full 0):
 garbage-first heap   total 424960K, used 350267K [0x0000000080000000, 0x0000000100000000)
  region size 1024K, 115 young (117760K), 13 survivors (13312K)
 Metaspace       used 177316K, committed 178368K, reserved 1204224K
  class space    used 22839K, committed 23296K, reserved 1048576K
}
Event: 1765.566 GC heap after
{Heap after GC invocations=93 (full 0):
 garbage-first heap   total 424960K, used 254985K [0x0000000080000000, 0x0000000100000000)
  region size 1024K, 15 young (15360K), 15 survivors (15360K)
 Metaspace       used 177316K, committed 178368K, reserved 1204224K
  class space    used 22839K, committed 23296K, reserved 1048576K
}
Event: 1765.759 GC heap before
{Heap before GC invocations=93 (full 0):
 garbage-first heap   total 424960K, used 260105K [0x0000000080000000, 0x0000000100000000)
  region size 1024K, 20 young (20480K), 15 survivors (15360K)
 Metaspace       used 177527K, committed 178624K, reserved 1212416K
  class space    used 22864K, committed 23360K, reserved 1048576K
}
Event: 1765.797 GC heap after
{Heap after GC invocations=94 (full 0):
 garbage-first heap   total 424960K, used 254726K [0x0000000080000000, 0x0000000100000000)
  region size 1024K, 2 young (2048K), 2 survivors (2048K)
 Metaspace       used 177527K, committed 178624K, reserved 1212416K
  class space    used 22864K, committed 23360K, reserved 1048576K
}
Event: 1773.238 GC heap before
{Heap before GC invocations=94 (full 0):
 garbage-first heap   total 424960K, used 353030K [0x0000000080000000, 0x0000000100000000)
  region size 1024K, 99 young (101376K), 2 survivors (2048K)
 Metaspace       used 182157K, committed 183360K, reserved 1212416K
  class space    used 23473K, committed 24064K, reserved 1048576K
}
Event: 1773.267 GC heap after
{Heap after GC invocations=95 (full 0):
 garbage-first heap   total 424960K, used 263942K [0x0000000080000000, 0x0000000100000000)
  region size 1024K, 11 young (11264K), 11 survivors (11264K)
 Metaspace       used 182157K, committed 183360K, reserved 1212416K
  class space    used 23473K, committed 24064K, reserved 1048576K
}
Event: 1776.017 GC heap before
{Heap before GC invocations=95 (full 0):
 garbage-first heap   total 424960K, used 285446K [0x0000000080000000, 0x0000000100000000)
  region size 1024K, 34 young (34816K), 11 survivors (11264K)
 Metaspace       used 182443K, committed 183616K, reserved 1212416K
  class space    used 23473K, committed 24064K, reserved 1048576K
}
Event: 1776.049 GC heap after
{Heap after GC invocations=96 (full 0):
 garbage-first heap   total 424960K, used 272025K [0x0000000080000000, 0x0000000100000000)
  region size 1024K, 8 young (8192K), 8 survivors (8192K)
 Metaspace       used 182443K, committed 183616K, reserved 1212416K
  class space    used 23473K, committed 24064K, reserved 1048576K
}

