# JRE version: OpenJDK Runtime Environment (17.0.6) (build 17.0.6+0-b2043.56-10027231)
# Java VM: OpenJDK 64-Bit Server VM (17.0.6+0-b2043.56-10027231, mixed mode, tiered, compressed oops, compressed class ptrs, g1 gc, windows-amd64)
GC Precious Log:
 CPUs: 4 total, 4 available
 Memory: 8083M
 Large Page Support: Disabled
 NUMA Support: Disabled
 Compressed Oops: Enabled (32-bit)
 Heap Region Size: 1M
 Heap Min Capacity: 8M
 Heap Initial Capacity: 128M
 Heap Max Capacity: 2G
 Pre-touch: Disabled
 Parallel Workers: 4
 Concurrent Workers: 1
 Concurrent Refinement Workers: 4
 Periodic GC: Disabled
Heap:
 garbage-first heap   total 253952K, used 138341K [0x0000000080000000, 0x0000000100000000)
  region size 1024K, 4 young (4096K), 4 survivors (4096K)
 Metaspace       used 105072K, committed 105792K, reserved 1146880K
  class space    used 13878K, committed 14208K, reserved 1048576K
GC Heap History (20 events):
Event: 16.582 GC heap after
{Heap after GC invocations=28 (full 0):
 garbage-first heap   total 126976K, used 61358K [0x0000000080000000, 0x0000000100000000)
  region size 1024K, 3 young (3072K), 3 survivors (3072K)
 Metaspace       used 69329K, committed 69888K, reserved 1114112K
  class space    used 9204K, committed 9472K, reserved 1048576K
}
Event: 17.498 GC heap before
{Heap before GC invocations=29 (full 0):
 garbage-first heap   total 126976K, used 95150K [0x0000000080000000, 0x0000000100000000)
  region size 1024K, 36 young (36864K), 3 survivors (3072K)
 Metaspace       used 73520K, committed 74112K, reserved 1114112K
  class space    used 9759K, committed 10048K, reserved 1048576K
}
Event: 17.509 GC heap after
{Heap after GC invocations=30 (full 0):
 garbage-first heap   total 126976K, used 63477K [0x0000000080000000, 0x0000000100000000)
  region size 1024K, 5 young (5120K), 5 survivors (5120K)
 Metaspace       used 73520K, committed 74112K, reserved 1114112K
  class space    used 9759K, committed 10048K, reserved 1048576K
}
Event: 17.535 GC heap before
{Heap before GC invocations=30 (full 0):
 garbage-first heap   total 126976K, used 64501K [0x0000000080000000, 0x0000000100000000)
  region size 1024K, 6 young (6144K), 5 survivors (5120K)
 Metaspace       used 73587K, committed 74176K, reserved 1114112K
  class space    used 9764K, committed 10048K, reserved 1048576K
}
Event: 17.547 GC heap after
{Heap after GC invocations=31 (full 0):
 garbage-first heap   total 253952K, used 63597K [0x0000000080000000, 0x0000000100000000)
  region size 1024K, 1 young (1024K), 1 survivors (1024K)
 Metaspace       used 73587K, committed 74176K, reserved 1114112K
  class space    used 9764K, committed 10048K, reserved 1048576K
}
Event: 20.814 GC heap before
{Heap before GC invocations=31 (full 0):
 garbage-first heap   total 253952K, used 170093K [0x0000000080000000, 0x0000000100000000)
  region size 1024K, 104 young (106496K), 1 survivors (1024K)
 Metaspace       used 84053K, committed 84672K, reserved 1122304K
  class space    used 11407K, committed 11712K, reserved 1048576K
}
Event: 20.832 GC heap after
{Heap after GC invocations=32 (full 0):
 garbage-first heap   total 253952K, used 69614K [0x0000000080000000, 0x0000000100000000)
  region size 1024K, 7 young (7168K), 7 survivors (7168K)
 Metaspace       used 84053K, committed 84672K, reserved 1122304K
  class space    used 11407K, committed 11712K, reserved 1048576K
}
Event: 23.619 GC heap before
{Heap before GC invocations=32 (full 0):
 garbage-first heap   total 253952K, used 188398K [0x0000000080000000, 0x0000000100000000)
  region size 1024K, 123 young (125952K), 7 survivors (7168K)
 Metaspace       used 92808K, committed 93440K, reserved 1130496K
  class space    used 12629K, committed 12928K, reserved 1048576K
}
Event: 23.656 GC heap after
{Heap after GC invocations=33 (full 0):
 garbage-first heap   total 253952K, used 82013K [0x0000000080000000, 0x0000000100000000)
  region size 1024K, 16 young (16384K), 16 survivors (16384K)
 Metaspace       used 92808K, committed 93440K, reserved 1130496K
  class space    used 12629K, committed 12928K, reserved 1048576K
}
Event: 27.076 GC heap before
{Heap before GC invocations=33 (full 0):
 garbage-first heap   total 253952K, used 193629K [0x0000000080000000, 0x0000000100000000)
  region size 1024K, 125 young (128000K), 16 survivors (16384K)
 Metaspace       used 98537K, committed 99328K, reserved 1138688K
  class space    used 13343K, committed 13760K, reserved 1048576K
}
Event: 27.130 GC heap after
{Heap after GC invocations=34 (full 0):
 garbage-first heap   total 253952K, used 94321K [0x0000000080000000, 0x0000000100000000)
  region size 1024K, 12 young (12288K), 12 survivors (12288K)
 Metaspace       used 98537K, committed 99328K, reserved 1138688K
  class space    used 13343K, committed 13760K, reserved 1048576K
}
Event: 29.694 GC heap before
{Heap before GC invocations=34 (full 0):
 garbage-first heap   total 253952K, used 197745K [0x0000000080000000, 0x0000000100000000)
  region size 1024K, 95 young (97280K), 12 survivors (12288K)
 Metaspace       used 99439K, committed 100160K, reserved 1138688K
  class space    used 13417K, committed 13760K, reserved 1048576K
}
Event: 29.750 GC heap after
{Heap after GC invocations=35 (full 0):
 garbage-first heap   total 253952K, used 124416K [0x0000000080000000, 0x0000000100000000)
  region size 1024K, 14 young (14336K), 14 survivors (14336K)
 Metaspace       used 99439K, committed 100160K, reserved 1138688K
  class space    used 13417K, committed 13760K, reserved 1048576K
}
Event: 31.363 GC heap before
{Heap before GC invocations=36 (full 0):
 garbage-first heap   total 253952K, used 206336K [0x0000000080000000, 0x0000000100000000)
  region size 1024K, 81 young (82944K), 14 survivors (14336K)
 Metaspace       used 103567K, committed 104320K, reserved 1146880K
  class space    used 13777K, committed 14144K, reserved 1048576K
}
Event: 31.403 GC heap after
{Heap after GC invocations=37 (full 0):
 garbage-first heap   total 253952K, used 132608K [0x0000000080000000, 0x0000000100000000)
  region size 1024K, 9 young (9216K), 9 survivors (9216K)
 Metaspace       used 103567K, committed 104320K, reserved 1146880K
  class space    used 13777K, committed 14144K, reserved 1048576K
}
Event: 31.452 GC heap before
{Heap before GC invocations=37 (full 0):
 garbage-first heap   total 253952K, used 135680K [0x0000000080000000, 0x0000000100000000)
  region size 1024K, 12 young (12288K), 9 survivors (9216K)
 Metaspace       used 103578K, committed 104320K, reserved 1146880K
  class space    used 13777K, committed 14144K, reserved 1048576K
}
Event: 31.465 GC heap after
{Heap after GC invocations=38 (full 0):
 garbage-first heap   total 253952K, used 133556K [0x0000000080000000, 0x0000000100000000)
  region size 1024K, 2 young (2048K), 2 survivors (2048K)
 Metaspace       used 103578K, committed 104320K, reserved 1146880K
  class space    used 13777K, committed 14144K, reserved 1048576K
}
Event: 32.301 GC heap before
{Heap before GC invocations=38 (full 0):
 garbage-first heap   total 253952K, used 198068K [0x0000000080000000, 0x0000000100000000)
  region size 1024K, 65 young (66560K), 2 survivors (2048K)
 Metaspace       used 104130K, committed 104832K, reserved 1146880K
  class space    used 13819K, committed 14144K, reserved 1048576K
}
Event: 32.320 GC heap after
{Heap after GC invocations=39 (full 0):
 garbage-first heap   total 253952K, used 140185K [0x0000000080000000, 0x0000000100000000)
  region size 1024K, 9 young (9216K), 9 survivors (9216K)
 Metaspace       used 104130K, committed 104832K, reserved 1146880K
  class space    used 13819K, committed 14144K, reserved 1048576K
}
Event: 33.668 GC heap before
{Heap before GC invocations=39 (full 0):
 garbage-first heap   total 253952K, used 199577K [0x0000000080000000, 0x0000000100000000)
  region size 1024K, 68 young (69632K), 9 survivors (9216K)
 Metaspace       used 105072K, committed 105792K, reserved 1146880K
  class space    used 13878K, committed 14208K, reserved 1048576K
}

