# JRE version: OpenJDK Runtime Environment (17.0.6) (build 17.0.6+0-b2043.56-10027231)
# Java VM: OpenJDK 64-Bit Server VM (17.0.6+0-b2043.56-10027231, mixed mode, tiered, compressed oops, compressed class ptrs, g1 gc, windows-amd64)
GC Precious Log:
 CPUs: 4 total, 4 available
 Memory: 8083M
 Large Page Support: Disabled
 NUMA Support: Disabled
 Compressed Oops: Enabled (32-bit)
 Heap Region Size: 1M
 Heap Min Capacity: 8M
 Heap Initial Capacity: 128M
 Heap Max Capacity: 2G
 Pre-touch: Disabled
 Parallel Workers: 4
 Concurrent Workers: 1
 Concurrent Refinement Workers: 4
 Periodic GC: Disabled
Heap:
 garbage-first heap   total 219136K, used 128873K [0x0000000080000000, 0x0000000100000000)
  region size 1024K, 1 young (1024K), 1 survivors (1024K)
 Metaspace       used 103660K, committed 104384K, reserved 1146880K
  class space    used 13786K, committed 14144K, reserved 1048576K
GC Heap History (20 events):
Event: 19.980 GC heap after
{Heap after GC invocations=24 (full 0):
 garbage-first heap   total 168960K, used 71580K [0x0000000080000000, 0x0000000100000000)
  region size 1024K, 9 young (9216K), 9 survivors (9216K)
 Metaspace       used 85199K, committed 85824K, reserved 1130496K
  class space    used 11567K, committed 11840K, reserved 1048576K
}
Event: 21.587 GC heap before
{Heap before GC invocations=24 (full 0):
 garbage-first heap   total 168960K, used 130972K [0x0000000080000000, 0x0000000100000000)
  region size 1024K, 67 young (68608K), 9 survivors (9216K)
 Metaspace       used 91703K, committed 92352K, reserved 1130496K
  class space    used 12493K, committed 12800K, reserved 1048576K
}
Event: 21.610 GC heap after
{Heap after GC invocations=25 (full 0):
 garbage-first heap   total 168960K, used 76113K [0x0000000080000000, 0x0000000100000000)
  region size 1024K, 9 young (9216K), 9 survivors (9216K)
 Metaspace       used 91703K, committed 92352K, reserved 1130496K
  class space    used 12493K, committed 12800K, reserved 1048576K
}
Event: 22.565 GC heap before
{Heap before GC invocations=25 (full 0):
 garbage-first heap   total 168960K, used 133457K [0x0000000080000000, 0x0000000100000000)
  region size 1024K, 65 young (66560K), 9 survivors (9216K)
 Metaspace       used 92860K, committed 93504K, reserved 1130496K
  class space    used 12640K, committed 12928K, reserved 1048576K
}
Event: 22.598 GC heap after
{Heap after GC invocations=26 (full 0):
 garbage-first heap   total 168960K, used 84537K [0x0000000080000000, 0x0000000100000000)
  region size 1024K, 9 young (9216K), 9 survivors (9216K)
 Metaspace       used 92860K, committed 93504K, reserved 1130496K
  class space    used 12640K, committed 12928K, reserved 1048576K
}
Event: 23.830 GC heap before
{Heap before GC invocations=26 (full 0):
 garbage-first heap   total 168960K, used 132665K [0x0000000080000000, 0x0000000100000000)
  region size 1024K, 57 young (58368K), 9 survivors (9216K)
 Metaspace       used 94698K, committed 95296K, reserved 1138688K
  class space    used 12962K, committed 13248K, reserved 1048576K
}
Event: 23.857 GC heap after
{Heap after GC invocations=27 (full 0):
 garbage-first heap   total 168960K, used 90905K [0x0000000080000000, 0x0000000100000000)
  region size 1024K, 6 young (6144K), 6 survivors (6144K)
 Metaspace       used 94698K, committed 95296K, reserved 1138688K
  class space    used 12962K, committed 13248K, reserved 1048576K
}
Event: 24.920 GC heap before
{Heap before GC invocations=27 (full 0):
 garbage-first heap   total 168960K, used 116505K [0x0000000080000000, 0x0000000100000000)
  region size 1024K, 33 young (33792K), 6 survivors (6144K)
 Metaspace       used 95348K, committed 96064K, reserved 1138688K
  class space    used 13054K, committed 13376K, reserved 1048576K
}
Event: 24.944 GC heap after
{Heap after GC invocations=28 (full 0):
 garbage-first heap   total 202752K, used 92524K [0x0000000080000000, 0x0000000100000000)
  region size 1024K, 3 young (3072K), 3 survivors (3072K)
 Metaspace       used 95348K, committed 96064K, reserved 1138688K
  class space    used 13054K, committed 13376K, reserved 1048576K
}
Event: 26.611 GC heap before
{Heap before GC invocations=28 (full 0):
 garbage-first heap   total 202752K, used 122220K [0x0000000080000000, 0x0000000100000000)
  region size 1024K, 33 young (33792K), 3 survivors (3072K)
 Metaspace       used 98573K, committed 99328K, reserved 1138688K
  class space    used 13356K, committed 13760K, reserved 1048576K
}
Event: 26.626 GC heap after
{Heap after GC invocations=29 (full 0):
 garbage-first heap   total 202752K, used 96949K [0x0000000080000000, 0x0000000100000000)
  region size 1024K, 7 young (7168K), 7 survivors (7168K)
 Metaspace       used 98573K, committed 99328K, reserved 1138688K
  class space    used 13356K, committed 13760K, reserved 1048576K
}
Event: 28.778 GC heap before
{Heap before GC invocations=30 (full 0):
 garbage-first heap   total 202752K, used 178869K [0x0000000080000000, 0x0000000100000000)
  region size 1024K, 71 young (72704K), 7 survivors (7168K)
 Metaspace       used 99358K, committed 100032K, reserved 1138688K
  class space    used 13423K, committed 13760K, reserved 1048576K
}
Event: 28.826 GC heap after
{Heap after GC invocations=31 (full 0):
 garbage-first heap   total 207872K, used 119421K [0x0000000080000000, 0x0000000100000000)
  region size 1024K, 9 young (9216K), 9 survivors (9216K)
 Metaspace       used 99358K, committed 100032K, reserved 1138688K
  class space    used 13423K, committed 13760K, reserved 1048576K
}
Event: 28.865 GC heap before
{Heap before GC invocations=31 (full 0):
 garbage-first heap   total 207872K, used 120445K [0x0000000080000000, 0x0000000100000000)
  region size 1024K, 10 young (10240K), 9 survivors (9216K)
 Metaspace       used 99358K, committed 100032K, reserved 1138688K
  class space    used 13423K, committed 13760K, reserved 1048576K
}
Event: 28.889 GC heap after
{Heap after GC invocations=32 (full 0):
 garbage-first heap   total 207872K, used 120832K [0x0000000080000000, 0x0000000100000000)
  region size 1024K, 1 young (1024K), 1 survivors (1024K)
 Metaspace       used 99358K, committed 100032K, reserved 1138688K
  class space    used 13423K, committed 13760K, reserved 1048576K
}
Event: 29.955 GC heap before
{Heap before GC invocations=32 (full 0):
 garbage-first heap   total 207872K, used 183296K [0x0000000080000000, 0x0000000100000000)
  region size 1024K, 45 young (46080K), 1 survivors (1024K)
 Metaspace       used 99911K, committed 100608K, reserved 1138688K
  class space    used 13479K, committed 13824K, reserved 1048576K
}
Event: 29.964 GC heap after
{Heap after GC invocations=33 (full 0):
 garbage-first heap   total 207872K, used 124574K [0x0000000080000000, 0x0000000100000000)
  region size 1024K, 5 young (5120K), 5 survivors (5120K)
 Metaspace       used 99911K, committed 100608K, reserved 1138688K
  class space    used 13479K, committed 13824K, reserved 1048576K
}
Event: 31.366 GC heap before
{Heap before GC invocations=34 (full 0):
 garbage-first heap   total 219136K, used 166558K [0x0000000080000000, 0x0000000100000000)
  region size 1024K, 47 young (48128K), 5 survivors (5120K)
 Metaspace       used 103639K, committed 104384K, reserved 1146880K
  class space    used 13786K, committed 14144K, reserved 1048576K
}
Event: 31.383 GC heap after
{Heap after GC invocations=35 (full 0):
 garbage-first heap   total 219136K, used 129200K [0x0000000080000000, 0x0000000100000000)
  region size 1024K, 5 young (5120K), 5 survivors (5120K)
 Metaspace       used 103639K, committed 104384K, reserved 1146880K
  class space    used 13786K, committed 14144K, reserved 1048576K
}
Event: 31.484 GC heap before
{Heap before GC invocations=35 (full 0):
 garbage-first heap   total 219136K, used 134320K [0x0000000080000000, 0x0000000100000000)
  region size 1024K, 10 young (10240K), 5 survivors (5120K)
 Metaspace       used 103660K, committed 104384K, reserved 1146880K
  class space    used 13786K, committed 14144K, reserved 1048576K
}

