# JRE version: OpenJDK Runtime Environment (17.0.6) (build 17.0.6+0-b2043.56-10027231)
# Java VM: OpenJDK 64-Bit Server VM (17.0.6+0-b2043.56-10027231, mixed mode, tiered, compressed oops, compressed class ptrs, g1 gc, windows-amd64)
GC Precious Log:
 CPUs: 4 total, 4 available
 Memory: 8083M
 Large Page Support: Disabled
 NUMA Support: Disabled
 Compressed Oops: Enabled (32-bit)
 Heap Region Size: 1M
 Heap Min Capacity: 8M
 Heap Initial Capacity: 128M
 Heap Max Capacity: 2G
 Pre-touch: Disabled
 Parallel Workers: 4
 Concurrent Workers: 1
 Concurrent Refinement Workers: 4
 Periodic GC: Disabled
Heap:
 garbage-first heap   total 302080K, used 191659K [0x0000000080000000, 0x0000000100000000)
  region size 1024K, 5 young (5120K), 5 survivors (5120K)
 Metaspace       used 149169K, committed 150336K, reserved 1179648K
  class space    used 20439K, committed 20992K, reserved 1048576K
GC Heap History (20 events):
Event: 525.224 GC heap after
{Heap after GC invocations=40 (full 0):
 garbage-first heap   total 214016K, used 148956K [0x0000000080000000, 0x0000000100000000)
  region size 1024K, 2 young (2048K), 2 survivors (2048K)
 Metaspace       used 120855K, committed 121856K, reserved 1155072K
  class space    used 16662K, committed 17152K, reserved 1048576K
}
Event: 526.404 GC heap before
{Heap before GC invocations=40 (full 0):
 garbage-first heap   total 214016K, used 179676K [0x0000000080000000, 0x0000000100000000)
  region size 1024K, 33 young (33792K), 2 survivors (2048K)
 Metaspace       used 121869K, committed 122880K, reserved 1155072K
  class space    used 16801K, committed 17280K, reserved 1048576K
}
Event: 526.421 GC heap after
{Heap after GC invocations=41 (full 0):
 garbage-first heap   total 214016K, used 151909K [0x0000000080000000, 0x0000000100000000)
  region size 1024K, 5 young (5120K), 5 survivors (5120K)
 Metaspace       used 121869K, committed 122880K, reserved 1155072K
  class space    used 16801K, committed 17280K, reserved 1048576K
}
Event: 527.770 GC heap before
{Heap before GC invocations=42 (full 0):
 garbage-first heap   total 266240K, used 173413K [0x0000000080000000, 0x0000000100000000)
  region size 1024K, 29 young (29696K), 5 survivors (5120K)
 Metaspace       used 125447K, committed 126464K, reserved 1163264K
  class space    used 17720K, committed 18176K, reserved 1048576K
}
Event: 527.778 GC heap after
{Heap after GC invocations=43 (full 0):
 garbage-first heap   total 266240K, used 150278K [0x0000000080000000, 0x0000000100000000)
  region size 1024K, 1 young (1024K), 1 survivors (1024K)
 Metaspace       used 125447K, committed 126464K, reserved 1163264K
  class space    used 17720K, committed 18176K, reserved 1048576K
}
Event: 528.148 GC heap before
{Heap before GC invocations=43 (full 0):
 garbage-first heap   total 266240K, used 162566K [0x0000000080000000, 0x0000000100000000)
  region size 1024K, 13 young (13312K), 1 survivors (1024K)
 Metaspace       used 125989K, committed 127040K, reserved 1163264K
  class space    used 17796K, committed 18304K, reserved 1048576K
}
Event: 528.159 GC heap after
{Heap after GC invocations=44 (full 0):
 garbage-first heap   total 266240K, used 146550K [0x0000000080000000, 0x0000000100000000)
  region size 1024K, 2 young (2048K), 2 survivors (2048K)
 Metaspace       used 125989K, committed 127040K, reserved 1163264K
  class space    used 17796K, committed 18304K, reserved 1048576K
}
Event: 529.321 GC heap before
{Heap before GC invocations=44 (full 0):
 garbage-first heap   total 266240K, used 166006K [0x0000000080000000, 0x0000000100000000)
  region size 1024K, 22 young (22528K), 2 survivors (2048K)
 Metaspace       used 129237K, committed 130240K, reserved 1163264K
  class space    used 18186K, committed 18688K, reserved 1048576K
}
Event: 529.328 GC heap after
{Heap after GC invocations=45 (full 0):
 garbage-first heap   total 266240K, used 147155K [0x0000000080000000, 0x0000000100000000)
  region size 1024K, 3 young (3072K), 3 survivors (3072K)
 Metaspace       used 129237K, committed 130240K, reserved 1163264K
  class space    used 18186K, committed 18688K, reserved 1048576K
}
Event: 531.441 GC heap before
{Heap before GC invocations=46 (full 0):
 garbage-first heap   total 270336K, used 231123K [0x0000000080000000, 0x0000000100000000)
  region size 1024K, 75 young (76800K), 3 survivors (3072K)
 Metaspace       used 134834K, committed 135936K, reserved 1171456K
  class space    used 18895K, committed 19456K, reserved 1048576K
}
Event: 531.467 GC heap after
{Heap after GC invocations=47 (full 0):
 garbage-first heap   total 270336K, used 162992K [0x0000000080000000, 0x0000000100000000)
  region size 1024K, 10 young (10240K), 10 survivors (10240K)
 Metaspace       used 134834K, committed 135936K, reserved 1171456K
  class space    used 18895K, committed 19456K, reserved 1048576K
}
Event: 531.557 GC heap before
{Heap before GC invocations=47 (full 0):
 garbage-first heap   total 270336K, used 166064K [0x0000000080000000, 0x0000000100000000)
  region size 1024K, 13 young (13312K), 10 survivors (10240K)
 Metaspace       used 134834K, committed 135936K, reserved 1171456K
  class space    used 18895K, committed 19456K, reserved 1048576K
}
Event: 531.583 GC heap after
{Heap after GC invocations=48 (full 0):
 garbage-first heap   total 270336K, used 162816K [0x0000000080000000, 0x0000000100000000)
  region size 1024K, 2 young (2048K), 2 survivors (2048K)
 Metaspace       used 134834K, committed 135936K, reserved 1171456K
  class space    used 18895K, committed 19456K, reserved 1048576K
}
Event: 532.670 GC heap before
{Heap before GC invocations=48 (full 0):
 garbage-first heap   total 270336K, used 222208K [0x0000000080000000, 0x0000000100000000)
  region size 1024K, 60 young (61440K), 2 survivors (2048K)
 Metaspace       used 136060K, committed 137152K, reserved 1171456K
  class space    used 19049K, committed 19584K, reserved 1048576K
}
Event: 532.710 GC heap after
{Heap after GC invocations=49 (full 0):
 garbage-first heap   total 270336K, used 176608K [0x0000000080000000, 0x0000000100000000)
  region size 1024K, 8 young (8192K), 8 survivors (8192K)
 Metaspace       used 136060K, committed 137152K, reserved 1171456K
  class space    used 19049K, committed 19584K, reserved 1048576K
}
Event: 534.637 GC heap before
{Heap before GC invocations=50 (full 0):
 garbage-first heap   total 302080K, used 225760K [0x0000000080000000, 0x0000000100000000)
  region size 1024K, 50 young (51200K), 8 survivors (8192K)
 Metaspace       used 140267K, committed 141312K, reserved 1171456K
  class space    used 19505K, committed 20032K, reserved 1048576K
}
Event: 534.655 GC heap after
{Heap after GC invocations=51 (full 0):
 garbage-first heap   total 302080K, used 188752K [0x0000000080000000, 0x0000000100000000)
  region size 1024K, 6 young (6144K), 6 survivors (6144K)
 Metaspace       used 140267K, committed 141312K, reserved 1171456K
  class space    used 19505K, committed 20032K, reserved 1048576K
}
Event: 535.117 GC heap before
{Heap before GC invocations=51 (full 0):
 garbage-first heap   total 302080K, used 195920K [0x0000000080000000, 0x0000000100000000)
  region size 1024K, 14 young (14336K), 6 survivors (6144K)
 Metaspace       used 141224K, committed 142336K, reserved 1171456K
  class space    used 19621K, committed 20160K, reserved 1048576K
}
Event: 535.132 GC heap after
{Heap after GC invocations=52 (full 0):
 garbage-first heap   total 302080K, used 188660K [0x0000000080000000, 0x0000000100000000)
  region size 1024K, 2 young (2048K), 2 survivors (2048K)
 Metaspace       used 141224K, committed 142336K, reserved 1171456K
  class space    used 19621K, committed 20160K, reserved 1048576K
}
Event: 537.731 GC heap before
{Heap before GC invocations=52 (full 0):
 garbage-first heap   total 302080K, used 246004K [0x0000000080000000, 0x0000000100000000)
  region size 1024K, 58 young (59392K), 2 survivors (2048K)
 Metaspace       used 149169K, committed 150336K, reserved 1179648K
  class space    used 20439K, committed 20992K, reserved 1048576K
}

