# JRE version: OpenJDK Runtime Environment (17.0.6) (build 17.0.6+0-b2043.56-10027231)
# Java VM: OpenJDK 64-Bit Server VM (17.0.6+0-b2043.56-10027231, mixed mode, tiered, compressed oops, compressed class ptrs, g1 gc, windows-amd64)
GC Precious Log:
 CPUs: 4 total, 4 available
 Memory: 8083M
 Large Page Support: Disabled
 NUMA Support: Disabled
 Compressed Oops: Enabled (32-bit)
 Heap Region Size: 1M
 Heap Min Capacity: 8M
 Heap Initial Capacity: 128M
 Heap Max Capacity: 2G
 Pre-touch: Disabled
 Parallel Workers: 4
 Concurrent Workers: 1
 Concurrent Refinement Workers: 4
 Periodic GC: Disabled
Heap:
 garbage-first heap   total 508928K, used 296074K [0x0000000080000000, 0x0000000100000000)
  region size 1024K, 4 young (4096K), 4 survivors (4096K)
 Metaspace       used 201242K, committed 202240K, reserved 1228800K
  class space    used 25810K, committed 26304K, reserved 1048576K
GC Heap History (20 events):
Event: 200.495 GC heap after
{Heap after GC invocations=85 (full 0):
 garbage-first heap   total 464896K, used 241610K [0x0000000080000000, 0x0000000100000000)
  region size 1024K, 10 young (10240K), 10 survivors (10240K)
 Metaspace       used 196260K, committed 197248K, reserved 1228800K
  class space    used 25174K, committed 25664K, reserved 1048576K
}
Event: 202.798 GC heap before
{Heap before GC invocations=85 (full 0):
 garbage-first heap   total 464896K, used 414666K [0x0000000080000000, 0x0000000100000000)
  region size 1024K, 172 young (176128K), 10 survivors (10240K)
 Metaspace       used 196356K, committed 197312K, reserved 1228800K
  class space    used 25183K, committed 25664K, reserved 1048576K
}
Event: 202.822 GC heap after
{Heap after GC invocations=86 (full 0):
 garbage-first heap   total 464896K, used 237894K [0x0000000080000000, 0x0000000100000000)
  region size 1024K, 6 young (6144K), 6 survivors (6144K)
 Metaspace       used 196356K, committed 197312K, reserved 1228800K
  class space    used 25183K, committed 25664K, reserved 1048576K
}
Event: 209.145 GC heap before
{Heap before GC invocations=86 (full 0):
 garbage-first heap   total 464896K, used 423238K [0x0000000080000000, 0x0000000100000000)
  region size 1024K, 175 young (179200K), 6 survivors (6144K)
 Metaspace       used 197025K, committed 197952K, reserved 1228800K
  class space    used 25281K, committed 25728K, reserved 1048576K
}
Event: 209.170 GC heap after
{Heap after GC invocations=87 (full 0):
 garbage-first heap   total 464896K, used 258239K [0x0000000080000000, 0x0000000100000000)
  region size 1024K, 13 young (13312K), 13 survivors (13312K)
 Metaspace       used 197025K, committed 197952K, reserved 1228800K
  class space    used 25281K, committed 25728K, reserved 1048576K
}
Event: 209.186 GC heap before
{Heap before GC invocations=87 (full 0):
 garbage-first heap   total 464896K, used 285887K [0x0000000080000000, 0x0000000100000000)
  region size 1024K, 22 young (22528K), 13 survivors (13312K)
 Metaspace       used 197025K, committed 197952K, reserved 1228800K
  class space    used 25281K, committed 25728K, reserved 1048576K
}
Event: 209.210 GC heap after
{Heap after GC invocations=88 (full 0):
 garbage-first heap   total 464896K, used 269605K [0x0000000080000000, 0x0000000100000000)
  region size 1024K, 13 young (13312K), 13 survivors (13312K)
 Metaspace       used 197025K, committed 197952K, reserved 1228800K
  class space    used 25281K, committed 25728K, reserved 1048576K
}
Event: 209.703 GC heap before
{Heap before GC invocations=88 (full 0):
 garbage-first heap   total 464896K, used 325925K [0x0000000080000000, 0x0000000100000000)
  region size 1024K, 62 young (63488K), 13 survivors (13312K)
 Metaspace       used 197100K, committed 198016K, reserved 1228800K
  class space    used 25286K, committed 25728K, reserved 1048576K
}
Event: 209.741 GC heap after
{Heap after GC invocations=89 (full 0):
 garbage-first heap   total 464896K, used 284010K [0x0000000080000000, 0x0000000100000000)
  region size 1024K, 18 young (18432K), 18 survivors (18432K)
 Metaspace       used 197100K, committed 198016K, reserved 1228800K
  class space    used 25286K, committed 25728K, reserved 1048576K
}
Event: 211.455 GC heap before
{Heap before GC invocations=90 (full 0):
 garbage-first heap   total 508928K, used 374122K [0x0000000080000000, 0x0000000100000000)
  region size 1024K, 112 young (114688K), 18 survivors (18432K)
 Metaspace       used 197375K, committed 198336K, reserved 1228800K
  class space    used 25310K, committed 25792K, reserved 1048576K
}
Event: 211.564 GC heap after
{Heap after GC invocations=91 (full 0):
 garbage-first heap   total 508928K, used 315392K [0x0000000080000000, 0x0000000100000000)
  region size 1024K, 14 young (14336K), 14 survivors (14336K)
 Metaspace       used 197375K, committed 198336K, reserved 1228800K
  class space    used 25310K, committed 25792K, reserved 1048576K
}
Event: 211.680 GC heap before
{Heap before GC invocations=91 (full 0):
 garbage-first heap   total 508928K, used 325632K [0x0000000080000000, 0x0000000100000000)
  region size 1024K, 24 young (24576K), 14 survivors (14336K)
 Metaspace       used 197375K, committed 198336K, reserved 1228800K
  class space    used 25310K, committed 25792K, reserved 1048576K
}
Event: 211.791 GC heap after
{Heap after GC invocations=92 (full 0):
 garbage-first heap   total 508928K, used 280064K [0x0000000080000000, 0x0000000100000000)
  region size 1024K, 3 young (3072K), 3 survivors (3072K)
 Metaspace       used 197375K, committed 198336K, reserved 1228800K
  class space    used 25310K, committed 25792K, reserved 1048576K
}
Event: 213.242 GC heap before
{Heap before GC invocations=92 (full 0):
 garbage-first heap   total 508928K, used 384512K [0x0000000080000000, 0x0000000100000000)
  region size 1024K, 106 young (108544K), 3 survivors (3072K)
 Metaspace       used 198625K, committed 199552K, reserved 1228800K
  class space    used 25466K, committed 25920K, reserved 1048576K
}
Event: 213.316 GC heap after
{Heap after GC invocations=93 (full 0):
 garbage-first heap   total 508928K, used 296192K [0x0000000080000000, 0x0000000100000000)
  region size 1024K, 14 young (14336K), 14 survivors (14336K)
 Metaspace       used 198625K, committed 199552K, reserved 1228800K
  class space    used 25466K, committed 25920K, reserved 1048576K
}
Event: 216.264 GC heap before
{Heap before GC invocations=94 (full 0):
 garbage-first heap   total 508928K, used 390400K [0x0000000080000000, 0x0000000100000000)
  region size 1024K, 111 young (113664K), 14 survivors (14336K)
 Metaspace       used 201184K, committed 202240K, reserved 1228800K
  class space    used 25810K, committed 26304K, reserved 1048576K
}
Event: 216.316 GC heap after
{Heap after GC invocations=95 (full 0):
 garbage-first heap   total 508928K, used 300939K [0x0000000080000000, 0x0000000100000000)
  region size 1024K, 9 young (9216K), 9 survivors (9216K)
 Metaspace       used 201184K, committed 202240K, reserved 1228800K
  class space    used 25810K, committed 26304K, reserved 1048576K
}
Event: 216.746 GC heap before
{Heap before GC invocations=95 (full 0):
 garbage-first heap   total 508928K, used 321419K [0x0000000080000000, 0x0000000100000000)
  region size 1024K, 24 young (24576K), 9 survivors (9216K)
 Metaspace       used 201195K, committed 202240K, reserved 1228800K
  class space    used 25810K, committed 26304K, reserved 1048576K
}
Event: 216.815 GC heap after
{Heap after GC invocations=96 (full 0):
 garbage-first heap   total 508928K, used 295424K [0x0000000080000000, 0x0000000100000000)
  region size 1024K, 3 young (3072K), 3 survivors (3072K)
 Metaspace       used 201195K, committed 202240K, reserved 1228800K
  class space    used 25810K, committed 26304K, reserved 1048576K
}
Event: 217.300 GC heap before
{Heap before GC invocations=96 (full 0):
 garbage-first heap   total 508928K, used 331264K [0x0000000080000000, 0x0000000100000000)
  region size 1024K, 39 young (39936K), 3 survivors (3072K)
 Metaspace       used 201242K, committed 202240K, reserved 1228800K
  class space    used 25810K, committed 26304K, reserved 1048576K
}

